{"/home/travis/build/npmtest/node-npmtest-drakov/test.js":{"path":"/home/travis/build/npmtest/node-npmtest-drakov/test.js","s":{"1":2,"2":2,"3":2,"4":2,"5":2,"6":2,"7":2,"8":1,"9":2,"10":2,"11":1,"12":1,"13":1,"14":1,"15":2,"16":2,"17":2,"18":2,"19":1,"20":1,"21":2,"22":2,"23":2,"24":1,"25":1,"26":1,"27":1,"28":1,"29":1,"30":1,"31":1,"32":1,"33":1,"34":1,"35":1,"36":1,"37":1,"38":1,"39":2,"40":2,"41":1,"42":2,"43":2,"44":1,"45":2,"46":2,"47":1,"48":2,"49":2,"50":1,"51":1,"52":1,"53":1,"54":1},"b":{"1":[2,1,1,1],"2":[1,1,1,1],"3":[1,1],"4":[1,1],"5":[1,1],"6":[1,1],"7":[1,1],"8":[1,1],"9":[1,1],"10":[1,1,1],"11":[1,1],"12":[1,1],"13":[1,1],"14":[1,1],"15":[1,1],"16":[1,1],"17":[1,1]},"f":{"1":2,"2":2,"3":2,"4":2,"5":2,"6":1,"7":1,"8":1,"9":2,"10":2,"11":2,"12":2,"13":1},"fnMap":{"1":{"name":"(anonymous_1)","line":12,"loc":{"start":{"line":12,"column":1},"end":{"line":12,"column":13}}},"2":{"name":"(anonymous_2)","line":19,"loc":{"start":{"line":19,"column":5},"end":{"line":19,"column":17}}},"3":{"name":"(anonymous_3)","line":23,"loc":{"start":{"line":23,"column":24},"end":{"line":23,"column":36}}},"4":{"name":"(anonymous_4)","line":61,"loc":{"start":{"line":61,"column":5},"end":{"line":61,"column":17}}},"5":{"name":"(anonymous_5)","line":82,"loc":{"start":{"line":82,"column":5},"end":{"line":82,"column":17}}},"6":{"name":"(anonymous_6)","line":91,"loc":{"start":{"line":91,"column":77},"end":{"line":94,"column":10}}},"7":{"name":"(anonymous_7)","line":112,"loc":{"start":{"line":112,"column":83},"end":{"line":115,"column":10}},"skip":true},"8":{"name":"(anonymous_8)","line":123,"loc":{"start":{"line":123,"column":77},"end":{"line":126,"column":10}},"skip":true},"9":{"name":"(anonymous_9)","line":139,"loc":{"start":{"line":139,"column":12},"end":{"line":139,"column":40}},"skip":true},"10":{"name":"(anonymous_10)","line":147,"loc":{"start":{"line":147,"column":77},"end":{"line":150,"column":10}},"skip":true},"11":{"name":"(anonymous_11)","line":158,"loc":{"start":{"line":158,"column":83},"end":{"line":161,"column":10}},"skip":true},"12":{"name":"(anonymous_12)","line":169,"loc":{"start":{"line":169,"column":79},"end":{"line":172,"column":10}},"skip":true},"13":{"name":"(anonymous_13)","line":180,"loc":{"start":{"line":180,"column":75},"end":{"line":183,"column":10}},"skip":true}},"statementMap":{"1":{"start":{"line":12,"column":0},"end":{"line":195,"column":5}},"2":{"start":{"line":14,"column":4},"end":{"line":14,"column":14}},"3":{"start":{"line":19,"column":4},"end":{"line":56,"column":9}},"4":{"start":{"line":21,"column":8},"end":{"line":21,"column":19}},"5":{"start":{"line":23,"column":8},"end":{"line":35,"column":13}},"6":{"start":{"line":24,"column":12},"end":{"line":34,"column":13}},"7":{"start":{"line":25,"column":16},"end":{"line":28,"column":30}},"8":{"start":{"line":30,"column":16},"end":{"line":33,"column":27}},"9":{"start":{"line":37,"column":8},"end":{"line":39,"column":21}},"10":{"start":{"line":40,"column":8},"end":{"line":53,"column":9}},"11":{"start":{"line":43,"column":12},"end":{"line":46,"column":14}},"12":{"start":{"line":47,"column":12},"end":{"line":47,"column":18}},"13":{"start":{"line":50,"column":12},"end":{"line":51,"column":33}},"14":{"start":{"line":52,"column":12},"end":{"line":52,"column":18}},"15":{"start":{"line":55,"column":8},"end":{"line":55,"column":35}},"16":{"start":{"line":61,"column":4},"end":{"line":63,"column":9}},"17":{"start":{"line":62,"column":8},"end":{"line":62,"column":15}},"18":{"start":{"line":64,"column":4},"end":{"line":77,"column":5}},"19":{"start":{"line":70,"column":8},"end":{"line":70,"column":14}},"20":{"start":{"line":76,"column":8},"end":{"line":76,"column":14}},"21":{"start":{"line":82,"column":4},"end":{"line":84,"column":9}},"22":{"start":{"line":83,"column":8},"end":{"line":83,"column":15}},"23":{"start":{"line":85,"column":4},"end":{"line":194,"column":5}},"24":{"start":{"line":91,"column":8},"end":{"line":99,"column":10}},"25":{"start":{"line":98,"column":12},"end":{"line":98,"column":35}},"26":{"start":{"line":102,"column":8},"end":{"line":104,"column":63}},"27":{"start":{"line":105,"column":8},"end":{"line":105,"column":14}},"28":{"start":{"line":112,"column":8},"end":{"line":121,"column":10},"skip":true},"29":{"start":{"line":119,"column":12},"end":{"line":119,"column":55},"skip":true},"30":{"start":{"line":120,"column":12},"end":{"line":120,"column":48},"skip":true},"31":{"start":{"line":123,"column":8},"end":{"line":136,"column":10},"skip":true},"32":{"start":{"line":130,"column":12},"end":{"line":130,"column":76},"skip":true},"33":{"start":{"line":131,"column":12},"end":{"line":131,"column":73},"skip":true},"34":{"start":{"line":132,"column":12},"end":{"line":132,"column":74},"skip":true},"35":{"start":{"line":133,"column":12},"end":{"line":133,"column":79},"skip":true},"36":{"start":{"line":134,"column":12},"end":{"line":134,"column":25},"skip":true},"37":{"start":{"line":135,"column":12},"end":{"line":135,"column":45},"skip":true},"38":{"start":{"line":138,"column":8},"end":{"line":145,"column":14},"skip":true},"39":{"start":{"line":143,"column":16},"end":{"line":143,"column":29},"skip":true},"40":{"start":{"line":144,"column":16},"end":{"line":144,"column":55},"skip":true},"41":{"start":{"line":147,"column":8},"end":{"line":156,"column":10},"skip":true},"42":{"start":{"line":154,"column":12},"end":{"line":154,"column":25},"skip":true},"43":{"start":{"line":155,"column":12},"end":{"line":155,"column":45},"skip":true},"44":{"start":{"line":158,"column":8},"end":{"line":167,"column":10},"skip":true},"45":{"start":{"line":165,"column":12},"end":{"line":165,"column":25},"skip":true},"46":{"start":{"line":166,"column":12},"end":{"line":166,"column":48},"skip":true},"47":{"start":{"line":169,"column":8},"end":{"line":178,"column":10},"skip":true},"48":{"start":{"line":176,"column":12},"end":{"line":176,"column":25},"skip":true},"49":{"start":{"line":177,"column":12},"end":{"line":177,"column":46},"skip":true},"50":{"start":{"line":180,"column":8},"end":{"line":189,"column":10},"skip":true},"51":{"start":{"line":187,"column":12},"end":{"line":187,"column":94},"skip":true},"52":{"start":{"line":188,"column":12},"end":{"line":188,"column":48},"skip":true},"53":{"start":{"line":192,"column":8},"end":{"line":192,"column":35},"skip":true},"54":{"start":{"line":193,"column":8},"end":{"line":193,"column":14},"skip":true}},"branchMap":{"1":{"line":25,"type":"binary-expr","locations":[{"start":{"line":25,"column":23},"end":{"line":25,"column":62}},{"start":{"line":26,"column":20},"end":{"line":26,"column":70}},{"start":{"line":27,"column":20},"end":{"line":27,"column":71}},{"start":{"line":28,"column":20},"end":{"line":28,"column":29}}]},"2":{"line":30,"type":"binary-expr","locations":[{"start":{"line":30,"column":23},"end":{"line":30,"column":37}},{"start":{"line":31,"column":20},"end":{"line":31,"column":61}},{"start":{"line":32,"column":20},"end":{"line":32,"column":70}},{"start":{"line":33,"column":20},"end":{"line":33,"column":26}}]},"3":{"line":37,"type":"cond-expr","locations":[{"start":{"line":38,"column":14},"end":{"line":38,"column":20}},{"start":{"line":39,"column":14},"end":{"line":39,"column":20}}]},"4":{"line":40,"type":"switch","locations":[{"start":{"line":42,"column":8},"end":{"line":47,"column":18}},{"start":{"line":49,"column":8},"end":{"line":52,"column":18}}]},"5":{"line":44,"type":"binary-expr","locations":[{"start":{"line":44,"column":16},"end":{"line":44,"column":44}},{"start":{"line":44,"column":48},"end":{"line":44,"column":66}}]},"6":{"line":50,"type":"binary-expr","locations":[{"start":{"line":50,"column":21},"end":{"line":50,"column":49}},{"start":{"line":50,"column":53},"end":{"line":50,"column":72}}]},"7":{"line":64,"type":"switch","locations":[{"start":{"line":69,"column":4},"end":{"line":70,"column":14}},{"start":{"line":75,"column":4},"end":{"line":76,"column":14}}]},"8":{"line":85,"type":"switch","locations":[{"start":{"line":90,"column":4},"end":{"line":105,"column":14}},{"start":{"line":111,"column":4},"end":{"line":193,"column":14},"skip":true}]},"9":{"line":91,"type":"binary-expr","locations":[{"start":{"line":91,"column":42},"end":{"line":91,"column":73}},{"start":{"line":91,"column":77},"end":{"line":99,"column":9}}]},"10":{"line":102,"type":"binary-expr","locations":[{"start":{"line":102,"column":18},"end":{"line":102,"column":32}},{"start":{"line":103,"column":12},"end":{"line":103,"column":53}},{"start":{"line":104,"column":12},"end":{"line":104,"column":61}}]},"11":{"line":112,"type":"binary-expr","locations":[{"start":{"line":112,"column":45},"end":{"line":112,"column":79},"skip":true},{"start":{"line":112,"column":83},"end":{"line":121,"column":9},"skip":true}]},"12":{"line":123,"type":"binary-expr","locations":[{"start":{"line":123,"column":42},"end":{"line":123,"column":73},"skip":true},{"start":{"line":123,"column":77},"end":{"line":136,"column":9},"skip":true}]},"13":{"line":138,"type":"binary-expr","locations":[{"start":{"line":138,"column":48},"end":{"line":138,"column":85},"skip":true},{"start":{"line":139,"column":12},"end":{"line":145,"column":13},"skip":true}]},"14":{"line":147,"type":"binary-expr","locations":[{"start":{"line":147,"column":42},"end":{"line":147,"column":73},"skip":true},{"start":{"line":147,"column":77},"end":{"line":156,"column":9},"skip":true}]},"15":{"line":158,"type":"binary-expr","locations":[{"start":{"line":158,"column":45},"end":{"line":158,"column":79},"skip":true},{"start":{"line":158,"column":83},"end":{"line":167,"column":9},"skip":true}]},"16":{"line":169,"type":"binary-expr","locations":[{"start":{"line":169,"column":43},"end":{"line":169,"column":75},"skip":true},{"start":{"line":169,"column":79},"end":{"line":178,"column":9},"skip":true}]},"17":{"line":180,"type":"binary-expr","locations":[{"start":{"line":180,"column":41},"end":{"line":180,"column":71},"skip":true},{"start":{"line":180,"column":75},"end":{"line":189,"column":9},"skip":true}]}},"code":["/* istanbul instrument in package npmtest_drakov */","/*jslint","    bitwise: true,","    browser: true,","    maxerr: 8,","    maxlen: 96,","    node: true,","    nomen: true,","    regexp: true,","    stupid: true","*/","(function () {","    'use strict';","    var local;","","","","    // run shared js-env code - init-before","    (function () {","        // init local","        local = {};","        // init modeJs","        local.modeJs = (function () {","            try {","                return typeof navigator.userAgent === 'string' &&","                    typeof document.querySelector('body') === 'object' &&","                    typeof XMLHttpRequest.prototype.open === 'function' &&","                    'browser';","            } catch (errorCaughtBrowser) {","                return module.exports &&","                    typeof process.versions.node === 'string' &&","                    typeof require('http').createServer === 'function' &&","                    'node';","            }","        }());","        // init global","        local.global = local.modeJs === 'browser'","            ? window","            : global;","        switch (local.modeJs) {","        // re-init local from window.local","        case 'browser':","            local = local.global.utility2.objectSetDefault(","                local.global.utility2_rollup || local.global.local,","                local.global.utility2","            );","            break;","        // re-init local from example.js","        case 'node':","            local = (local.global.utility2_rollup || require('utility2'))","                .requireReadme();","            break;","        }","        // export local","        local.global.local = local;","    }());","","","","    // run shared js-env code - function","    (function () {","        return;","    }());","    switch (local.modeJs) {","","","","    // run browser js-env code - function","    case 'browser':","        break;","","","","    // run node js-env code - function","    case 'node':","        break;","    }","","","","    // run shared js-env code - init-after","    (function () {","        return;","    }());","    switch (local.modeJs) {","","","","    // run browser js-env code - init-after","    case 'browser':","        local.testCase_browser_nullCase = local.testCase_browser_nullCase || function (","            options,","            onError","        ) {","        /*","         * this function will test browsers's null-case handling-behavior-behavior","         */","            onError(null, options);","        };","","        // run tests","        local.nop(local.modeTest &&","            document.querySelector('#testRunButton1') &&","            document.querySelector('#testRunButton1').click());","        break;","","","","    // run node js-env code - init-after","    /* istanbul ignore next */","    case 'node':","        local.testCase_buildApidoc_default = local.testCase_buildApidoc_default || function (","            options,","            onError","        ) {","        /*","         * this function will test buildApidoc's default handling-behavior-behavior","         */","            options = { modulePathList: module.paths };","            local.buildApidoc(options, onError);","        };","","        local.testCase_buildApp_default = local.testCase_buildApp_default || function (","            options,","            onError","        ) {","        /*","         * this function will test buildApp's default handling-behavior-behavior","         */","            local.testCase_buildReadme_default(options, local.onErrorThrow);","            local.testCase_buildLib_default(options, local.onErrorThrow);","            local.testCase_buildTest_default(options, local.onErrorThrow);","            local.testCase_buildCustomOrg_default(options, local.onErrorThrow);","            options = [];","            local.buildApp(options, onError);","        };","","        local.testCase_buildCustomOrg_default = local.testCase_buildCustomOrg_default ||","            function (options, onError) {","            /*","             * this function will test buildCustomOrg's default handling-behavior","             */","                options = {};","                local.buildCustomOrg(options, onError);","            };","","        local.testCase_buildLib_default = local.testCase_buildLib_default || function (","            options,","            onError","        ) {","        /*","         * this function will test buildLib's default handling-behavior","         */","            options = {};","            local.buildLib(options, onError);","        };","","        local.testCase_buildReadme_default = local.testCase_buildReadme_default || function (","            options,","            onError","        ) {","        /*","         * this function will test buildReadme's default handling-behavior-behavior","         */","            options = {};","            local.buildReadme(options, onError);","        };","","        local.testCase_buildTest_default = local.testCase_buildTest_default || function (","            options,","            onError","        ) {","        /*","         * this function will test buildTest's default handling-behavior","         */","            options = {};","            local.buildTest(options, onError);","        };","","        local.testCase_webpage_default = local.testCase_webpage_default || function (","            options,","            onError","        ) {","        /*","         * this function will test webpage's default handling-behavior","         */","            options = { modeCoverageMerge: true, url: local.serverLocalHost + '?modeTest=1' };","            local.browserTest(options, onError);","        };","","        // run test-server","        local.testRunServer(local);","        break;","    }","}());",""],"l":{"12":2,"14":2,"19":2,"21":2,"23":2,"24":2,"25":2,"30":1,"37":2,"40":2,"43":1,"47":1,"50":1,"52":1,"55":2,"61":2,"62":2,"64":2,"70":1,"76":1,"82":2,"83":2,"85":2,"91":1,"98":1,"102":1,"105":1,"112":1,"119":1,"120":1,"123":1,"130":1,"131":1,"132":1,"133":1,"134":1,"135":1,"138":1,"143":2,"144":2,"147":1,"154":2,"155":2,"158":1,"165":2,"166":2,"169":1,"176":2,"177":2,"180":1,"187":1,"188":1,"192":1,"193":1}},"/home/travis/build/npmtest/node-npmtest-drakov/lib.npmtest_drakov.js":{"path":"/home/travis/build/npmtest/node-npmtest-drakov/lib.npmtest_drakov.js","s":{"1":2,"2":2,"3":2,"4":2,"5":2,"6":2,"7":2,"8":1,"9":2,"10":2,"11":2,"12":2,"13":1,"14":1,"15":1,"16":1},"b":{"1":[2,1,1,1],"2":[1,1,1,1],"3":[1,1],"4":[2,2],"5":[1,1]},"f":{"1":2,"2":2,"3":2},"fnMap":{"1":{"name":"(anonymous_1)","line":12,"loc":{"start":{"line":12,"column":1},"end":{"line":12,"column":13}}},"2":{"name":"(anonymous_2)","line":19,"loc":{"start":{"line":19,"column":5},"end":{"line":19,"column":17}}},"3":{"name":"(anonymous_3)","line":23,"loc":{"start":{"line":23,"column":24},"end":{"line":23,"column":36}}}},"statementMap":{"1":{"start":{"line":12,"column":0},"end":{"line":53,"column":5}},"2":{"start":{"line":14,"column":4},"end":{"line":14,"column":14}},"3":{"start":{"line":19,"column":4},"end":{"line":52,"column":9}},"4":{"start":{"line":21,"column":8},"end":{"line":21,"column":19}},"5":{"start":{"line":23,"column":8},"end":{"line":35,"column":13}},"6":{"start":{"line":24,"column":12},"end":{"line":34,"column":13}},"7":{"start":{"line":25,"column":16},"end":{"line":28,"column":30}},"8":{"start":{"line":30,"column":16},"end":{"line":33,"column":27}},"9":{"start":{"line":37,"column":8},"end":{"line":39,"column":21}},"10":{"start":{"line":41,"column":8},"end":{"line":41,"column":54}},"11":{"start":{"line":43,"column":8},"end":{"line":43,"column":51}},"12":{"start":{"line":45,"column":8},"end":{"line":51,"column":9}},"13":{"start":{"line":46,"column":12},"end":{"line":46,"column":57}},"14":{"start":{"line":48,"column":12},"end":{"line":48,"column":35}},"15":{"start":{"line":49,"column":12},"end":{"line":49,"column":49}},"16":{"start":{"line":50,"column":12},"end":{"line":50,"column":43}}},"branchMap":{"1":{"line":25,"type":"binary-expr","locations":[{"start":{"line":25,"column":23},"end":{"line":25,"column":62}},{"start":{"line":26,"column":20},"end":{"line":26,"column":70}},{"start":{"line":27,"column":20},"end":{"line":27,"column":71}},{"start":{"line":28,"column":20},"end":{"line":28,"column":29}}]},"2":{"line":30,"type":"binary-expr","locations":[{"start":{"line":30,"column":23},"end":{"line":30,"column":37}},{"start":{"line":31,"column":20},"end":{"line":31,"column":61}},{"start":{"line":32,"column":20},"end":{"line":32,"column":70}},{"start":{"line":33,"column":20},"end":{"line":33,"column":26}}]},"3":{"line":37,"type":"cond-expr","locations":[{"start":{"line":38,"column":14},"end":{"line":38,"column":20}},{"start":{"line":39,"column":14},"end":{"line":39,"column":20}}]},"4":{"line":41,"type":"binary-expr","locations":[{"start":{"line":41,"column":16},"end":{"line":41,"column":44}},{"start":{"line":41,"column":48},"end":{"line":41,"column":53}}]},"5":{"line":45,"type":"if","locations":[{"start":{"line":45,"column":8},"end":{"line":45,"column":8}},{"start":{"line":45,"column":8},"end":{"line":45,"column":8}}]}},"code":["/* istanbul instrument in package npmtest_drakov */","/*jslint","    bitwise: true,","    browser: true,","    maxerr: 8,","    maxlen: 96,","    node: true,","    nomen: true,","    regexp: true,","    stupid: true","*/","(function () {","    'use strict';","    var local;","","","","    // run shared js-env code - init-before","    (function () {","        // init local","        local = {};","        // init modeJs","        local.modeJs = (function () {","            try {","                return typeof navigator.userAgent === 'string' &&","                    typeof document.querySelector('body') === 'object' &&","                    typeof XMLHttpRequest.prototype.open === 'function' &&","                    'browser';","            } catch (errorCaughtBrowser) {","                return module.exports &&","                    typeof process.versions.node === 'string' &&","                    typeof require('http').createServer === 'function' &&","                    'node';","            }","        }());","        // init global","        local.global = local.modeJs === 'browser'","            ? window","            : global;","        // init utility2_rollup","        local = local.global.utility2_rollup || local;","        // init lib","        local.local = local.npmtest_drakov = local;","        // init exports","        if (local.modeJs === 'browser') {","            local.global.utility2_npmtest_drakov = local;","        } else {","            module.exports = local;","            module.exports.__dirname = __dirname;","            module.exports.module = module;","        }","    }());","}());",""],"l":{"12":2,"14":2,"19":2,"21":2,"23":2,"24":2,"25":2,"30":1,"37":2,"41":2,"43":2,"45":2,"46":1,"48":1,"49":1,"50":1}},"/home/travis/build/npmtest/node-npmtest-drakov/example.js":{"path":"/home/travis/build/npmtest/node-npmtest-drakov/example.js","s":{"1":2,"2":2,"3":2,"4":2,"5":2,"6":2,"7":2,"8":1,"9":2,"10":2,"11":2,"12":2,"13":1,"14":2,"15":2,"16":2,"17":2,"18":2,"19":0,"20":2,"21":1,"22":1,"23":1,"24":1,"25":1,"26":0,"27":0,"28":1,"29":1,"30":2,"31":0,"32":0,"33":0,"34":1,"35":2,"36":2,"37":3,"38":3,"39":3,"40":3,"41":0,"42":3,"43":3,"44":3,"45":1,"46":3,"47":1,"48":1,"49":1,"50":1,"51":1,"52":1,"53":1,"54":1,"55":1,"56":1,"57":0,"58":1,"59":6,"60":6,"61":1,"62":2,"63":0,"64":2,"65":1,"66":1,"67":0,"68":0,"69":0,"70":0,"71":0,"72":0,"73":0,"74":0,"75":0,"76":0,"77":0,"78":0,"79":0,"80":0,"81":0,"82":0,"83":0},"b":{"1":[2,1,1,1],"2":[1,1,1,1],"3":[1,1],"4":[2,2],"5":[1,1],"6":[1,1],"7":[2,0],"8":[2,1,1,1,1,1],"9":[0,2,0],"10":[1,1],"11":[2,1,1],"12":[1,0],"13":[0,2],"14":[2,0,0,0,0,0,0],"15":[0,3],"16":[3,0],"17":[1,1],"18":[0,1],"19":[1,2,0,2],"20":[1,0],"21":[1,1],"22":[0,0],"23":[0,0],"24":[0,0],"25":[0,0],"26":[0,0],"27":[0,0],"28":[0,0]},"f":{"1":2,"2":2,"3":2,"4":2,"5":2,"6":2,"7":3,"8":3,"9":3,"10":1,"11":6,"12":0},"fnMap":{"1":{"name":"(anonymous_1)","line":26,"loc":{"start":{"line":26,"column":1},"end":{"line":26,"column":13}}},"2":{"name":"(anonymous_2)","line":33,"loc":{"start":{"line":33,"column":5},"end":{"line":33,"column":17}}},"3":{"name":"(anonymous_3)","line":37,"loc":{"start":{"line":37,"column":24},"end":{"line":37,"column":36}}},"4":{"name":"(anonymous_4)","line":69,"loc":{"start":{"line":69,"column":31},"end":{"line":69,"column":48}},"skip":true},"5":{"name":"(anonymous_5)","line":78,"loc":{"start":{"line":78,"column":26},"end":{"line":78,"column":45}},"skip":true},"6":{"name":"(anonymous_6)","line":123,"loc":{"start":{"line":123,"column":33},"end":{"line":123,"column":48}},"skip":true},"7":{"name":"(anonymous_7)","line":125,"loc":{"start":{"line":125,"column":27},"end":{"line":125,"column":39}},"skip":true},"8":{"name":"(anonymous_8)","line":133,"loc":{"start":{"line":133,"column":59},"end":{"line":133,"column":74}},"skip":true},"9":{"name":"(anonymous_9)","line":143,"loc":{"start":{"line":143,"column":45},"end":{"line":143,"column":62}},"skip":true},"10":{"name":"(anonymous_10)","line":144,"loc":{"start":{"line":144,"column":73},"end":{"line":144,"column":92}},"skip":true},"11":{"name":"(anonymous_11)","line":272,"loc":{"start":{"line":272,"column":51},"end":{"line":272,"column":77}},"skip":true},"12":{"name":"(anonymous_12)","line":315,"loc":{"start":{"line":315,"column":32},"end":{"line":315,"column":61}},"skip":true}},"statementMap":{"1":{"start":{"line":26,"column":0},"end":{"line":326,"column":5}},"2":{"start":{"line":28,"column":4},"end":{"line":28,"column":14}},"3":{"start":{"line":33,"column":4},"end":{"line":60,"column":9}},"4":{"start":{"line":35,"column":8},"end":{"line":35,"column":19}},"5":{"start":{"line":37,"column":8},"end":{"line":49,"column":13}},"6":{"start":{"line":38,"column":12},"end":{"line":48,"column":13}},"7":{"start":{"line":39,"column":16},"end":{"line":42,"column":30}},"8":{"start":{"line":44,"column":16},"end":{"line":47,"column":27}},"9":{"start":{"line":51,"column":8},"end":{"line":53,"column":21}},"10":{"start":{"line":55,"column":8},"end":{"line":57,"column":45}},"11":{"start":{"line":59,"column":8},"end":{"line":59,"column":35}},"12":{"start":{"line":61,"column":4},"end":{"line":325,"column":5}},"13":{"start":{"line":69,"column":8},"end":{"line":121,"column":10},"skip":true},"14":{"start":{"line":70,"column":12},"end":{"line":88,"column":13},"skip":true},"15":{"start":{"line":76,"column":16},"end":{"line":87,"column":19},"skip":true},"16":{"start":{"line":79,"column":20},"end":{"line":86,"column":21},"skip":true},"17":{"start":{"line":82,"column":24},"end":{"line":82,"column":43},"skip":true},"18":{"start":{"line":83,"column":24},"end":{"line":83,"column":30},"skip":true},"19":{"start":{"line":85,"column":24},"end":{"line":85,"column":49},"skip":true},"20":{"start":{"line":89,"column":12},"end":{"line":107,"column":13},"skip":true},"21":{"start":{"line":92,"column":16},"end":{"line":102,"column":17},"skip":true},"22":{"start":{"line":93,"column":20},"end":{"line":93,"column":86},"skip":true},"23":{"start":{"line":94,"column":20},"end":{"line":95,"column":45},"skip":true},"24":{"start":{"line":96,"column":20},"end":{"line":96,"column":42},"skip":true},"25":{"start":{"line":97,"column":20},"end":{"line":97,"column":48},"skip":true},"26":{"start":{"line":100,"column":20},"end":{"line":100,"column":85},"skip":true},"27":{"start":{"line":101,"column":20},"end":{"line":101,"column":96},"skip":true},"28":{"start":{"line":103,"column":16},"end":{"line":103,"column":22},"skip":true},"29":{"start":{"line":106,"column":16},"end":{"line":106,"column":22},"skip":true},"30":{"start":{"line":108,"column":12},"end":{"line":120,"column":13},"skip":true},"31":{"start":{"line":114,"column":16},"end":{"line":119,"column":17},"skip":true},"32":{"start":{"line":116,"column":20},"end":{"line":116,"column":78},"skip":true},"33":{"start":{"line":118,"column":20},"end":{"line":118,"column":47},"skip":true},"34":{"start":{"line":123,"column":8},"end":{"line":141,"column":11},"skip":true},"35":{"start":{"line":124,"column":12},"end":{"line":124,"column":54},"skip":true},"36":{"start":{"line":125,"column":12},"end":{"line":140,"column":14},"skip":true},"37":{"start":{"line":126,"column":16},"end":{"line":126,"column":28},"skip":true},"38":{"start":{"line":127,"column":16},"end":{"line":127,"column":69},"skip":true},"39":{"start":{"line":128,"column":16},"end":{"line":128,"column":75},"skip":true},"40":{"start":{"line":129,"column":16},"end":{"line":131,"column":17},"skip":true},"41":{"start":{"line":130,"column":20},"end":{"line":130,"column":27},"skip":true},"42":{"start":{"line":133,"column":16},"end":{"line":137,"column":36},"skip":true},"43":{"start":{"line":134,"column":20},"end":{"line":136,"column":55},"skip":true},"44":{"start":{"line":139,"column":16},"end":{"line":139,"column":57},"skip":true},"45":{"start":{"line":143,"column":8},"end":{"line":147,"column":11},"skip":true},"46":{"start":{"line":144,"column":12},"end":{"line":146,"column":15},"skip":true},"47":{"start":{"line":145,"column":16},"end":{"line":145,"column":70},"skip":true},"48":{"start":{"line":149,"column":8},"end":{"line":149,"column":31},"skip":true},"49":{"start":{"line":150,"column":8},"end":{"line":150,"column":14},"skip":true},"50":{"start":{"line":158,"column":8},"end":{"line":158,"column":31},"skip":true},"51":{"start":{"line":160,"column":8},"end":{"line":160,"column":33},"skip":true},"52":{"start":{"line":161,"column":8},"end":{"line":161,"column":37},"skip":true},"53":{"start":{"line":162,"column":8},"end":{"line":162,"column":35},"skip":true},"54":{"start":{"line":164,"column":8},"end":{"line":164,"column":50},"skip":true},"55":{"start":{"line":166,"column":8},"end":{"line":256,"column":2},"skip":true},"56":{"start":{"line":258,"column":8},"end":{"line":286,"column":9},"skip":true},"57":{"start":{"line":259,"column":12},"end":{"line":269,"column":14},"skip":true},"58":{"start":{"line":271,"column":12},"end":{"line":285,"column":19},"skip":true},"59":{"start":{"line":274,"column":20},"end":{"line":274,"column":35},"skip":true},"60":{"start":{"line":275,"column":20},"end":{"line":284,"column":21},"skip":true},"61":{"start":{"line":277,"column":24},"end":{"line":277,"column":64},"skip":true},"62":{"start":{"line":279,"column":24},"end":{"line":279,"column":40},"skip":true},"63":{"start":{"line":281,"column":24},"end":{"line":281,"column":40},"skip":true},"64":{"start":{"line":283,"column":24},"end":{"line":283,"column":39},"skip":true},"65":{"start":{"line":288,"column":8},"end":{"line":290,"column":9},"skip":true},"66":{"start":{"line":289,"column":12},"end":{"line":289,"column":18},"skip":true},"67":{"start":{"line":291,"column":8},"end":{"line":293,"column":54},"skip":true},"68":{"start":{"line":296,"column":8},"end":{"line":301,"column":37},"skip":true},"69":{"start":{"line":303,"column":8},"end":{"line":303,"column":82},"skip":true},"70":{"start":{"line":306,"column":8},"end":{"line":308,"column":9},"skip":true},"71":{"start":{"line":307,"column":12},"end":{"line":307,"column":82},"skip":true},"72":{"start":{"line":310,"column":8},"end":{"line":312,"column":9},"skip":true},"73":{"start":{"line":311,"column":12},"end":{"line":311,"column":18},"skip":true},"74":{"start":{"line":313,"column":8},"end":{"line":313,"column":54},"skip":true},"75":{"start":{"line":314,"column":8},"end":{"line":314,"column":69},"skip":true},"76":{"start":{"line":315,"column":8},"end":{"line":323,"column":36},"skip":true},"77":{"start":{"line":316,"column":12},"end":{"line":316,"column":61},"skip":true},"78":{"start":{"line":317,"column":12},"end":{"line":320,"column":13},"skip":true},"79":{"start":{"line":318,"column":16},"end":{"line":318,"column":75},"skip":true},"80":{"start":{"line":319,"column":16},"end":{"line":319,"column":23},"skip":true},"81":{"start":{"line":321,"column":12},"end":{"line":321,"column":38},"skip":true},"82":{"start":{"line":322,"column":12},"end":{"line":322,"column":27},"skip":true},"83":{"start":{"line":324,"column":8},"end":{"line":324,"column":14},"skip":true}},"branchMap":{"1":{"line":39,"type":"binary-expr","locations":[{"start":{"line":39,"column":23},"end":{"line":39,"column":62}},{"start":{"line":40,"column":20},"end":{"line":40,"column":70}},{"start":{"line":41,"column":20},"end":{"line":41,"column":71}},{"start":{"line":42,"column":20},"end":{"line":42,"column":29}}]},"2":{"line":44,"type":"binary-expr","locations":[{"start":{"line":44,"column":23},"end":{"line":44,"column":37}},{"start":{"line":45,"column":20},"end":{"line":45,"column":61}},{"start":{"line":46,"column":20},"end":{"line":46,"column":70}},{"start":{"line":47,"column":20},"end":{"line":47,"column":26}}]},"3":{"line":51,"type":"cond-expr","locations":[{"start":{"line":52,"column":14},"end":{"line":52,"column":20}},{"start":{"line":53,"column":14},"end":{"line":53,"column":20}}]},"4":{"line":55,"type":"binary-expr","locations":[{"start":{"line":55,"column":16},"end":{"line":55,"column":44}},{"start":{"line":55,"column":49},"end":{"line":57,"column":43}}]},"5":{"line":55,"type":"cond-expr","locations":[{"start":{"line":56,"column":14},"end":{"line":56,"column":50}},{"start":{"line":57,"column":14},"end":{"line":57,"column":43}}]},"6":{"line":61,"type":"switch","locations":[{"start":{"line":68,"column":4},"end":{"line":150,"column":14},"skip":true},{"start":{"line":156,"column":4},"end":{"line":324,"column":14},"skip":true}]},"7":{"line":70,"type":"if","locations":[{"start":{"line":70,"column":12},"end":{"line":70,"column":12},"skip":true},{"start":{"line":70,"column":12},"end":{"line":70,"column":12},"skip":true}]},"8":{"line":70,"type":"binary-expr","locations":[{"start":{"line":70,"column":16},"end":{"line":70,"column":22},"skip":true},{"start":{"line":70,"column":27},"end":{"line":70,"column":32},"skip":true},{"start":{"line":71,"column":20},"end":{"line":71,"column":39},"skip":true},{"start":{"line":72,"column":20},"end":{"line":72,"column":49},"skip":true},{"start":{"line":73,"column":20},"end":{"line":73,"column":58},"skip":true},{"start":{"line":74,"column":20},"end":{"line":74,"column":69},"skip":true}]},"9":{"line":79,"type":"switch","locations":[{"start":{"line":80,"column":20},"end":{"line":80,"column":33},"skip":true},{"start":{"line":81,"column":20},"end":{"line":83,"column":30},"skip":true},{"start":{"line":84,"column":20},"end":{"line":85,"column":49},"skip":true}]},"10":{"line":89,"type":"switch","locations":[{"start":{"line":90,"column":12},"end":{"line":103,"column":22},"skip":true},{"start":{"line":105,"column":12},"end":{"line":106,"column":22},"skip":true}]},"11":{"line":89,"type":"binary-expr","locations":[{"start":{"line":89,"column":20},"end":{"line":89,"column":25},"skip":true},{"start":{"line":89,"column":29},"end":{"line":89,"column":48},"skip":true},{"start":{"line":89,"column":52},"end":{"line":89,"column":74},"skip":true}]},"12":{"line":92,"type":"if","locations":[{"start":{"line":92,"column":16},"end":{"line":92,"column":16},"skip":true},{"start":{"line":92,"column":16},"end":{"line":92,"column":16},"skip":true}]},"13":{"line":108,"type":"if","locations":[{"start":{"line":108,"column":12},"end":{"line":108,"column":12},"skip":true},{"start":{"line":108,"column":12},"end":{"line":108,"column":12},"skip":true}]},"14":{"line":108,"type":"binary-expr","locations":[{"start":{"line":108,"column":16},"end":{"line":108,"column":61},"skip":true},{"start":{"line":108,"column":66},"end":{"line":108,"column":72},"skip":true},{"start":{"line":108,"column":77},"end":{"line":108,"column":82},"skip":true},{"start":{"line":109,"column":20},"end":{"line":109,"column":39},"skip":true},{"start":{"line":110,"column":20},"end":{"line":110,"column":49},"skip":true},{"start":{"line":111,"column":20},"end":{"line":111,"column":58},"skip":true},{"start":{"line":112,"column":20},"end":{"line":112,"column":68},"skip":true}]},"15":{"line":129,"type":"if","locations":[{"start":{"line":129,"column":16},"end":{"line":129,"column":16},"skip":true},{"start":{"line":129,"column":16},"end":{"line":129,"column":16},"skip":true}]},"16":{"line":134,"type":"cond-expr","locations":[{"start":{"line":135,"column":26},"end":{"line":135,"column":29},"skip":true},{"start":{"line":136,"column":26},"end":{"line":136,"column":54},"skip":true}]},"17":{"line":164,"type":"binary-expr","locations":[{"start":{"line":164,"column":27},"end":{"line":164,"column":43},"skip":true},{"start":{"line":164,"column":47},"end":{"line":164,"column":49},"skip":true}]},"18":{"line":258,"type":"if","locations":[{"start":{"line":258,"column":8},"end":{"line":258,"column":8},"skip":true},{"start":{"line":258,"column":8},"end":{"line":258,"column":8},"skip":true}]},"19":{"line":275,"type":"switch","locations":[{"start":{"line":276,"column":20},"end":{"line":277,"column":64},"skip":true},{"start":{"line":278,"column":20},"end":{"line":279,"column":40},"skip":true},{"start":{"line":280,"column":20},"end":{"line":281,"column":40},"skip":true},{"start":{"line":282,"column":20},"end":{"line":283,"column":39},"skip":true}]},"20":{"line":288,"type":"if","locations":[{"start":{"line":288,"column":8},"end":{"line":288,"column":8},"skip":true},{"start":{"line":288,"column":8},"end":{"line":288,"column":8},"skip":true}]},"21":{"line":288,"type":"binary-expr","locations":[{"start":{"line":288,"column":12},"end":{"line":288,"column":40},"skip":true},{"start":{"line":288,"column":44},"end":{"line":288,"column":67},"skip":true}]},"22":{"line":292,"type":"binary-expr","locations":[{"start":{"line":292,"column":12},"end":{"line":292,"column":50},"skip":true},{"start":{"line":293,"column":12},"end":{"line":293,"column":53},"skip":true}]},"23":{"line":297,"type":"binary-expr","locations":[{"start":{"line":297,"column":12},"end":{"line":297,"column":64},"skip":true},{"start":{"line":298,"column":12},"end":{"line":301,"column":36},"skip":true}]},"24":{"line":303,"type":"binary-expr","locations":[{"start":{"line":303,"column":43},"end":{"line":303,"column":75},"skip":true},{"start":{"line":303,"column":79},"end":{"line":303,"column":81},"skip":true}]},"25":{"line":306,"type":"if","locations":[{"start":{"line":306,"column":8},"end":{"line":306,"column":8},"skip":true},{"start":{"line":306,"column":8},"end":{"line":306,"column":8},"skip":true}]},"26":{"line":310,"type":"if","locations":[{"start":{"line":310,"column":8},"end":{"line":310,"column":8},"skip":true},{"start":{"line":310,"column":8},"end":{"line":310,"column":8},"skip":true}]},"27":{"line":313,"type":"binary-expr","locations":[{"start":{"line":313,"column":27},"end":{"line":313,"column":43},"skip":true},{"start":{"line":313,"column":47},"end":{"line":313,"column":53},"skip":true}]},"28":{"line":317,"type":"if","locations":[{"start":{"line":317,"column":12},"end":{"line":317,"column":12},"skip":true},{"start":{"line":317,"column":12},"end":{"line":317,"column":12},"skip":true}]}},"code":["/*","example.js","","quickstart example","","instruction","    1. save this script as example.js","    2. run the shell command:","        $ npm install npmtest-drakov && PORT=8081 node example.js","    3. play with the browser-demo on http://127.0.0.1:8081","*/","","","","/* istanbul instrument in package npmtest_drakov */","/*jslint","    bitwise: true,","    browser: true,","    maxerr: 8,","    maxlen: 96,","    node: true,","    nomen: true,","    regexp: true,","    stupid: true","*/","(function () {","    'use strict';","    var local;","","","","    // run shared js-env code - init-before","    (function () {","        // init local","        local = {};","        // init modeJs","        local.modeJs = (function () {","            try {","                return typeof navigator.userAgent === 'string' &&","                    typeof document.querySelector('body') === 'object' &&","                    typeof XMLHttpRequest.prototype.open === 'function' &&","                    'browser';","            } catch (errorCaughtBrowser) {","                return module.exports &&","                    typeof process.versions.node === 'string' &&","                    typeof require('http').createServer === 'function' &&","                    'node';","            }","        }());","        // init global","        local.global = local.modeJs === 'browser'","            ? window","            : global;","        // init utility2_rollup","        local = local.global.utility2_rollup || (local.modeJs === 'browser'","            ? local.global.utility2_npmtest_drakov","            : global.utility2_moduleExports);","        // export local","        local.global.local = local;","    }());","    switch (local.modeJs) {","","","","    // init-after","    // run browser js-env code - init-after","    /* istanbul ignore next */","    case 'browser':","        local.testRunBrowser = function (event) {","            if (!event || (event &&","                    event.currentTarget &&","                    event.currentTarget.className &&","                    event.currentTarget.className.includes &&","                    event.currentTarget.className.includes('onreset'))) {","                // reset output","                Array.from(","                    document.querySelectorAll('body > .resettable')","                ).forEach(function (element) {","                    switch (element.tagName) {","                    case 'INPUT':","                    case 'TEXTAREA':","                        element.value = '';","                        break;","                    default:","                        element.textContent = '';","                    }","                });","            }","            switch (event && event.currentTarget && event.currentTarget.id) {","            case 'testRunButton1':","                // show tests","                if (document.querySelector('#testReportDiv1').style.display === 'none') {","                    document.querySelector('#testReportDiv1').style.display = 'block';","                    document.querySelector('#testRunButton1').textContent =","                        'hide internal test';","                    local.modeTest = true;","                    local.testRunDefault(local);","                // hide tests","                } else {","                    document.querySelector('#testReportDiv1').style.display = 'none';","                    document.querySelector('#testRunButton1').textContent = 'run internal test';","                }","                break;","            // custom-case","            default:","                break;","            }","            if (document.querySelector('#inputTextareaEval1') && (!event || (event &&","                    event.currentTarget &&","                    event.currentTarget.className &&","                    event.currentTarget.className.includes &&","                    event.currentTarget.className.includes('oneval')))) {","                // try to eval input-code","                try {","                    /*jslint evil: true*/","                    eval(document.querySelector('#inputTextareaEval1').value);","                } catch (errorCaught) {","                    console.error(errorCaught);","                }","            }","        };","        // log stderr and stdout to #outputTextareaStdout1","        ['error', 'log'].forEach(function (key) {","            console[key + '_original'] = console[key];","            console[key] = function () {","                var element;","                console[key + '_original'].apply(console, arguments);","                element = document.querySelector('#outputTextareaStdout1');","                if (!element) {","                    return;","                }","                // append text to #outputTextareaStdout1","                element.value += Array.from(arguments).map(function (arg) {","                    return typeof arg === 'string'","                        ? arg","                        : JSON.stringify(arg, null, 4);","                }).join(' ') + '\\n';","                // scroll textarea to bottom","                element.scrollTop = element.scrollHeight;","            };","        });","        // init event-handling","        ['change', 'click', 'keyup'].forEach(function (event) {","            Array.from(document.querySelectorAll('.on' + event)).forEach(function (element) {","                element.addEventListener(event, local.testRunBrowser);","            });","        });","        // run tests","        local.testRunBrowser();","        break;","","","","    // run node js-env code - init-after","    /* istanbul ignore next */","    case 'node':","        // export local","        module.exports = local;","        // require modules","        local.fs = require('fs');","        local.http = require('http');","        local.url = require('url');","        // init assets","        local.assetsDict = local.assetsDict || {};","        /* jslint-ignore-begin */","        local.assetsDict['/assets.index.template.html'] = '\\","<!doctype html>\\n\\","<html lang=\"en\">\\n\\","<head>\\n\\","<meta charset=\"UTF-8\">\\n\\","<meta name=\"viewport\" content=\"width=device-width, initial-scale=1\">\\n\\","<title>{{env.npm_package_name}} (v{{env.npm_package_version}})</title>\\n\\","<style>\\n\\","/*csslint\\n\\","    box-sizing: false,\\n\\","    universal-selector: false\\n\\","*/\\n\\","* {\\n\\","    box-sizing: border-box;\\n\\","}\\n\\","body {\\n\\","    background: #dde;\\n\\","    font-family: Arial, Helvetica, sans-serif;\\n\\","    margin: 2rem;\\n\\","}\\n\\","body > * {\\n\\","    margin-bottom: 1rem;\\n\\","}\\n\\",".utility2FooterDiv {\\n\\","    margin-top: 20px;\\n\\","    text-align: center;\\n\\","}\\n\\","</style>\\n\\","<style>\\n\\","/*csslint\\n\\","*/\\n\\","textarea {\\n\\","    font-family: monospace;\\n\\","    height: 10rem;\\n\\","    width: 100%;\\n\\","}\\n\\","textarea[readonly] {\\n\\","    background: #ddd;\\n\\","}\\n\\","</style>\\n\\","</head>\\n\\","<body>\\n\\","<!-- utility2-comment\\n\\","<div id=\"ajaxProgressDiv1\" style=\"background: #d00; height: 2px; left: 0; margin: 0; padding: 0; position: fixed; top: 0; transition: background 0.5s, width 1.5s; width: 25%;\"></div>\\n\\","utility2-comment -->\\n\\","<h1>\\n\\","<!-- utility2-comment\\n\\","    <a\\n\\","        {{#if env.npm_package_homepage}}\\n\\","        href=\"{{env.npm_package_homepage}}\"\\n\\","        {{/if env.npm_package_homepage}}\\n\\","        target=\"_blank\"\\n\\","    >\\n\\","utility2-comment -->\\n\\","        {{env.npm_package_name}} (v{{env.npm_package_version}})\\n\\","<!-- utility2-comment\\n\\","    </a>\\n\\","utility2-comment -->\\n\\","</h1>\\n\\","<h3>{{env.npm_package_description}}</h3>\\n\\","<!-- utility2-comment\\n\\","<h4><a download href=\"assets.app.js\">download standalone app</a></h4>\\n\\","<button class=\"onclick onreset\" id=\"testRunButton1\">run internal test</button><br>\\n\\","<div id=\"testReportDiv1\" style=\"display: none;\"></div>\\n\\","utility2-comment -->\\n\\","\\n\\","\\n\\","\\n\\","<label>stderr and stdout</label>\\n\\","<textarea class=\"resettable\" id=\"outputTextareaStdout1\" readonly></textarea>\\n\\","<!-- utility2-comment\\n\\","{{#if isRollup}}\\n\\","<script src=\"assets.app.js\"></script>\\n\\","{{#unless isRollup}}\\n\\","utility2-comment -->\\n\\","<script src=\"assets.utility2.rollup.js\"></script>\\n\\","<script src=\"jsonp.utility2._stateInit?callback=window.utility2._stateInit\"></script>\\n\\","<script src=\"assets.npmtest_drakov.rollup.js\"></script>\\n\\","<script src=\"assets.example.js\"></script>\\n\\","<script src=\"assets.test.js\"></script>\\n\\","<!-- utility2-comment\\n\\","{{/if isRollup}}\\n\\","utility2-comment -->\\n\\","<div class=\"utility2FooterDiv\">\\n\\","    [ this app was created with\\n\\","    <a href=\"https://github.com/kaizhu256/node-utility2\" target=\"_blank\">utility2</a>\\n\\","    ]\\n\\","</div>\\n\\","</body>\\n\\","</html>\\n\\","';","        /* jslint-ignore-end */","        if (local.templateRender) {","            local.assetsDict['/'] = local.templateRender(","                local.assetsDict['/assets.index.template.html'],","                {","                    env: local.objectSetDefault(local.env, {","                        npm_package_description: 'the greatest app in the world!',","                        npm_package_name: 'my-app',","                        npm_package_nameAlias: 'my_app',","                        npm_package_version: '0.0.1'","                    })","                }","            );","        } else {","            local.assetsDict['/'] = local.assetsDict['/assets.index.template.html']","                .replace((/\\{\\{env\\.(\\w+?)\\}\\}/g), function (match0, match1) {","                    // jslint-hack","                    String(match0);","                    switch (match1) {","                    case 'npm_package_description':","                        return 'the greatest app in the world!';","                    case 'npm_package_name':","                        return 'my-app';","                    case 'npm_package_nameAlias':","                        return 'my_app';","                    case 'npm_package_version':","                        return '0.0.1';","                    }","                });","        }","        // run the cli","        if (local.global.utility2_rollup || module !== require.main) {","            break;","        }","        local.assetsDict['/assets.example.js'] =","            local.assetsDict['/assets.example.js'] ||","            local.fs.readFileSync(__filename, 'utf8');","        // bug-workaround - long $npm_package_buildCustomOrg","        /* jslint-ignore-begin */","        local.assetsDict['/assets.npmtest_drakov.rollup.js'] =","            local.assetsDict['/assets.npmtest_drakov.rollup.js'] ||","            local.fs.readFileSync(","                local.npmtest_drakov.__dirname + '/lib.npmtest_drakov.js',","                'utf8'","            ).replace((/^#!/), '//');","        /* jslint-ignore-end */","        local.assetsDict['/favicon.ico'] = local.assetsDict['/favicon.ico'] || '';","        // if $npm_config_timeout_exit exists,","        // then exit this process after $npm_config_timeout_exit ms","        if (Number(process.env.npm_config_timeout_exit)) {","            setTimeout(process.exit, Number(process.env.npm_config_timeout_exit));","        }","        // start server","        if (local.global.utility2_serverHttp1) {","            break;","        }","        process.env.PORT = process.env.PORT || '8081';","        console.error('server starting on port ' + process.env.PORT);","        local.http.createServer(function (request, response) {","            request.urlParsed = local.url.parse(request.url);","            if (local.assetsDict[request.urlParsed.pathname] !== undefined) {","                response.end(local.assetsDict[request.urlParsed.pathname]);","                return;","            }","            response.statusCode = 404;","            response.end();","        }).listen(process.env.PORT);","        break;","    }","}());",""],"l":{"26":2,"28":2,"33":2,"35":2,"37":2,"38":2,"39":2,"44":1,"51":2,"55":2,"59":2,"61":2,"69":1,"70":2,"76":2,"79":2,"82":2,"83":2,"85":1,"89":2,"92":1,"93":1,"94":1,"96":1,"97":1,"100":1,"101":1,"103":1,"106":1,"108":2,"114":1,"116":1,"118":1,"123":1,"124":2,"125":2,"126":3,"127":3,"128":3,"129":3,"130":1,"133":3,"134":3,"139":3,"143":1,"144":3,"145":1,"149":1,"150":1,"158":1,"160":1,"161":1,"162":1,"164":1,"166":1,"258":1,"259":1,"271":1,"274":6,"275":6,"277":1,"279":2,"281":1,"283":2,"288":1,"289":1,"291":1,"296":1,"303":1,"306":1,"307":1,"310":1,"311":1,"313":1,"314":1,"315":1,"316":1,"317":1,"318":1,"319":1,"321":1,"322":1,"324":1}},"/home/travis/build/npmtest/node-npmtest-drakov/node_modules/drakov/index.js":{"path":"/home/travis/build/npmtest/node-npmtest-drakov/node_modules/drakov/index.js","s":{"1":1,"2":1},"b":{},"f":{},"fnMap":{},"statementMap":{"1":{"start":{"line":1,"column":0},"end":{"line":1,"column":37}},"2":{"start":{"line":3,"column":0},"end":{"line":7,"column":2}}},"branchMap":{},"code":["var drakov = require('./lib/drakov');","","module.exports = {","    run: drakov.run,","    stop: drakov.stop,","    middleware: require('./lib/middleware')","};",""],"l":{"1":1,"3":1}},"/home/travis/build/npmtest/node-npmtest-drakov/node_modules/drakov/lib/drakov.js":{"path":"/home/travis/build/npmtest/node-npmtest-drakov/node_modules/drakov/lib/drakov.js","s":{"1":1,"2":1,"3":1,"4":1,"5":1,"6":1,"7":1,"8":1,"9":1,"10":1,"11":0,"12":0,"13":0,"14":0,"15":0,"16":0,"17":0,"18":0,"19":0,"20":0,"21":0,"22":0,"23":0,"24":0,"25":0,"26":0,"27":0,"28":0,"29":0,"30":0,"31":1,"32":0,"33":0,"34":0,"35":0,"36":0,"37":0,"38":0,"39":0},"b":{"1":[0,0],"2":[0,0],"3":[0,0],"4":[0,0],"5":[0,0]},"f":{"1":0,"2":0,"3":0,"4":0,"5":0},"fnMap":{"1":{"name":"(anonymous_1)","line":13,"loc":{"start":{"line":13,"column":14},"end":{"line":13,"column":33}}},"2":{"name":"(anonymous_2)","line":27,"loc":{"start":{"line":27,"column":31},"end":{"line":27,"column":65}}},"3":{"name":"(anonymous_3)","line":52,"loc":{"start":{"line":52,"column":15},"end":{"line":52,"column":28}}},"4":{"name":"(anonymous_4)","line":53,"loc":{"start":{"line":53,"column":16},"end":{"line":53,"column":27}}},"5":{"name":"(anonymous_5)","line":59,"loc":{"start":{"line":59,"column":21},"end":{"line":59,"column":32}}}},"statementMap":{"1":{"start":{"line":1,"column":0},"end":{"line":1,"column":33}},"2":{"start":{"line":2,"column":0},"end":{"line":2,"column":27}},"3":{"start":{"line":3,"column":0},"end":{"line":3,"column":18}},"4":{"start":{"line":5,"column":0},"end":{"line":5,"column":33}},"5":{"start":{"line":6,"column":0},"end":{"line":6,"column":51}},"6":{"start":{"line":7,"column":0},"end":{"line":7,"column":31}},"7":{"start":{"line":8,"column":0},"end":{"line":8,"column":41}},"8":{"start":{"line":9,"column":0},"end":{"line":9,"column":45}},"9":{"start":{"line":11,"column":0},"end":{"line":11,"column":18}},"10":{"start":{"line":13,"column":0},"end":{"line":50,"column":2}},"11":{"start":{"line":15,"column":4},"end":{"line":15,"column":44}},"12":{"start":{"line":17,"column":4},"end":{"line":17,"column":59}},"13":{"start":{"line":19,"column":4},"end":{"line":19,"column":24}},"14":{"start":{"line":22,"column":4},"end":{"line":22,"column":33}},"15":{"start":{"line":23,"column":4},"end":{"line":23,"column":34}},"16":{"start":{"line":26,"column":4},"end":{"line":26,"column":29}},"17":{"start":{"line":27,"column":4},"end":{"line":49,"column":7}},"18":{"start":{"line":28,"column":8},"end":{"line":30,"column":9}},"19":{"start":{"line":29,"column":12},"end":{"line":29,"column":22}},"20":{"start":{"line":32,"column":8},"end":{"line":32,"column":34}},"21":{"start":{"line":34,"column":8},"end":{"line":34,"column":36}},"22":{"start":{"line":35,"column":8},"end":{"line":35,"column":50}},"23":{"start":{"line":36,"column":8},"end":{"line":42,"column":9}},"24":{"start":{"line":37,"column":12},"end":{"line":37,"column":59}},"25":{"start":{"line":39,"column":12},"end":{"line":39,"column":66}},"26":{"start":{"line":40,"column":12},"end":{"line":40,"column":43}},"27":{"start":{"line":41,"column":12},"end":{"line":41,"column":69}},"28":{"start":{"line":43,"column":8},"end":{"line":45,"column":9}},"29":{"start":{"line":44,"column":12},"end":{"line":44,"column":60}},"30":{"start":{"line":48,"column":8},"end":{"line":48,"column":52}},"31":{"start":{"line":52,"column":0},"end":{"line":66,"column":2}},"32":{"start":{"line":53,"column":4},"end":{"line":57,"column":6}},"33":{"start":{"line":54,"column":8},"end":{"line":56,"column":9}},"34":{"start":{"line":55,"column":12},"end":{"line":55,"column":17}},"35":{"start":{"line":58,"column":4},"end":{"line":65,"column":5}},"36":{"start":{"line":59,"column":8},"end":{"line":62,"column":11}},"37":{"start":{"line":60,"column":12},"end":{"line":60,"column":65}},"38":{"start":{"line":61,"column":12},"end":{"line":61,"column":20}},"39":{"start":{"line":64,"column":8},"end":{"line":64,"column":16}}},"branchMap":{"1":{"line":28,"type":"if","locations":[{"start":{"line":28,"column":8},"end":{"line":28,"column":8}},{"start":{"line":28,"column":8},"end":{"line":28,"column":8}}]},"2":{"line":36,"type":"if","locations":[{"start":{"line":36,"column":8},"end":{"line":36,"column":8}},{"start":{"line":36,"column":8},"end":{"line":36,"column":8}}]},"3":{"line":36,"type":"binary-expr","locations":[{"start":{"line":36,"column":12},"end":{"line":36,"column":25}},{"start":{"line":36,"column":29},"end":{"line":36,"column":62}}]},"4":{"line":43,"type":"if","locations":[{"start":{"line":43,"column":8},"end":{"line":43,"column":8}},{"start":{"line":43,"column":8},"end":{"line":43,"column":8}}]},"5":{"line":54,"type":"if","locations":[{"start":{"line":54,"column":8},"end":{"line":54,"column":8}},{"start":{"line":54,"column":8},"end":{"line":54,"column":8}}]}},"code":["var express = require('express');","var path = require('path');","require('colors');","","var logger = require('./logger');","var requestUtils = require('./middleware/request');","var setup = require('./setup');","var middleware = require('./middleware');","var debugRequest = require('./debugRequest');","","var server = null;","","exports.run = function(argv, cb) {","","    logger.setStealthMode(argv.stealthmode);","","    console.log('   DRAKOV STARTED   '.green.bold.inverse);","","    var app = express();","","    // REQUEST MIDDLEWARE","    app.use(requestUtils.logger);","    app.use(requestUtils.getBody);","","    // SETUP RESPONSE MIDDLEWARE","    argv.drakovHeader = true;","    middleware.init(app, argv, function(err, middlewareFunction) {","        if (err) {","            throw err;","        }","","        var discoverabilityModule;","","        app.use(middlewareFunction);","        server = setup.startServer(argv, app, cb);","        if (argv.discover && typeof argv.discover === 'string') {","            discoverabilityModule = require(argv.discover);","        } else {","            app.set('views', path.join(__dirname, '..', 'views'));","            app.set('view engine', 'jade');","            discoverabilityModule = require('./middleware/discover');","        }","        if (argv.discover) {","            app.get('/drakov', discoverabilityModule(argv));","        }","","        //404","        app.use(debugRequest.notFoundHandler(argv));","    });","};","","exports.stop = function(cb) {","    var runCb = function() {","        if (cb) {","            cb();","        }","    };","    try {","        server.close(function() {","            console.log('   DRAKOV STOPPED   '.red.bold.inverse);","            runCb();","        });","    } catch (e) {","        runCb();","    }","};",""],"l":{"1":1,"2":1,"3":1,"5":1,"6":1,"7":1,"8":1,"9":1,"11":1,"13":1,"15":0,"17":0,"19":0,"22":0,"23":0,"26":0,"27":0,"28":0,"29":0,"32":0,"34":0,"35":0,"36":0,"37":0,"39":0,"40":0,"41":0,"43":0,"44":0,"48":0,"52":1,"53":0,"54":0,"55":0,"58":0,"59":0,"60":0,"61":0,"64":0}},"/home/travis/build/npmtest/node-npmtest-drakov/node_modules/drakov/lib/logger.js":{"path":"/home/travis/build/npmtest/node-npmtest-drakov/node_modules/drakov/lib/logger.js","s":{"1":1,"2":1,"3":1,"4":0,"5":1,"6":0,"7":0,"8":0,"9":1,"10":0},"b":{"1":[0,0],"2":[0,0]},"f":{"1":0,"2":0,"3":0},"fnMap":{"1":{"name":"(anonymous_1)","line":5,"loc":{"start":{"line":5,"column":25},"end":{"line":5,"column":49}}},"2":{"name":"(anonymous_2)","line":9,"loc":{"start":{"line":9,"column":14},"end":{"line":9,"column":25}}},"3":{"name":"(anonymous_3)","line":16,"loc":{"start":{"line":16,"column":19},"end":{"line":16,"column":37}}}},"statementMap":{"1":{"start":{"line":1,"column":0},"end":{"line":1,"column":18}},"2":{"start":{"line":3,"column":0},"end":{"line":3,"column":24}},"3":{"start":{"line":5,"column":0},"end":{"line":7,"column":2}},"4":{"start":{"line":6,"column":4},"end":{"line":6,"column":32}},"5":{"start":{"line":9,"column":0},"end":{"line":14,"column":2}},"6":{"start":{"line":10,"column":4},"end":{"line":12,"column":5}},"7":{"start":{"line":11,"column":8},"end":{"line":11,"column":15}},"8":{"start":{"line":13,"column":4},"end":{"line":13,"column":65}},"9":{"start":{"line":16,"column":0},"end":{"line":18,"column":2}},"10":{"start":{"line":17,"column":2},"end":{"line":17,"column":55}}},"branchMap":{"1":{"line":10,"type":"if","locations":[{"start":{"line":10,"column":4},"end":{"line":10,"column":4}},{"start":{"line":10,"column":4},"end":{"line":10,"column":4}}]},"2":{"line":17,"type":"cond-expr","locations":[{"start":{"line":17,"column":19},"end":{"line":17,"column":34}},{"start":{"line":17,"column":37},"end":{"line":17,"column":54}}]}},"code":["require('colors');","","var stealthMode = false;","","exports.setStealthMode = function(isStealthMode) {","    stealthMode = isStealthMode;","};","","exports.log = function() {","    if (stealthMode) {","        return;","    }","    console.log(Array.prototype.slice.call(arguments).join(' '));","};","","exports.stringfy = function(matched) {","  return matched ? 'MATCHED'.green : 'NOT_MATCHED'.red;","};",""],"l":{"1":1,"3":1,"5":1,"6":0,"9":1,"10":0,"11":0,"13":0,"16":1,"17":0}},"/home/travis/build/npmtest/node-npmtest-drakov/node_modules/drakov/lib/middleware/request.js":{"path":"/home/travis/build/npmtest/node-npmtest-drakov/node_modules/drakov/lib/middleware/request.js","s":{"1":1,"2":1,"3":1,"4":0,"5":0,"6":0,"7":0,"8":1,"9":0,"10":0},"b":{},"f":{"1":0,"2":0,"3":0},"fnMap":{"1":{"name":"(anonymous_1)","line":4,"loc":{"start":{"line":4,"column":18},"end":{"line":4,"column":43}}},"2":{"name":"(anonymous_2)","line":6,"loc":{"start":{"line":6,"column":19},"end":{"line":6,"column":35}}},"3":{"name":"(anonymous_3)","line":12,"loc":{"start":{"line":12,"column":17},"end":{"line":12,"column":42}}}},"statementMap":{"1":{"start":{"line":1,"column":0},"end":{"line":1,"column":18}},"2":{"start":{"line":2,"column":0},"end":{"line":2,"column":34}},"3":{"start":{"line":4,"column":0},"end":{"line":10,"column":2}},"4":{"start":{"line":5,"column":4},"end":{"line":5,"column":18}},"5":{"start":{"line":6,"column":4},"end":{"line":8,"column":7}},"6":{"start":{"line":7,"column":8},"end":{"line":7,"column":26}},"7":{"start":{"line":9,"column":4},"end":{"line":9,"column":24}},"8":{"start":{"line":12,"column":0},"end":{"line":15,"column":2}},"9":{"start":{"line":13,"column":4},"end":{"line":13,"column":64}},"10":{"start":{"line":14,"column":4},"end":{"line":14,"column":11}}},"branchMap":{},"code":["require('colors');","var logger = require('../logger');","","exports.getBody = function(req, res, next) {","    req.body = '';","    req.on('data', function(chunk) {","        req.body += chunk;","    });","    req.on('end', next);","};","","exports.logger = function(req, res, next) {","    logger.log('[LOG]'.white, req.method.green, req.url.yellow);","    next();","};",""],"l":{"1":1,"2":1,"4":1,"5":0,"6":0,"7":0,"9":0,"12":1,"13":0,"14":0}},"/home/travis/build/npmtest/node-npmtest-drakov/node_modules/drakov/lib/setup.js":{"path":"/home/travis/build/npmtest/node-npmtest-drakov/node_modules/drakov/lib/setup.js","s":{"1":1,"2":1,"3":1,"4":1,"5":1,"6":0,"7":0,"8":0,"9":0,"10":0,"11":0,"12":0,"13":0,"14":0,"15":0,"16":0,"17":0,"18":0,"19":0,"20":0,"21":0,"22":0},"b":{"1":[0,0],"2":[0,0],"3":[0,0],"4":[0,0],"5":[0,0],"6":[0,0]},"f":{"1":0,"2":0},"fnMap":{"1":{"name":"(anonymous_1)","line":8,"loc":{"start":{"line":8,"column":22},"end":{"line":8,"column":47}}},"2":{"name":"(anonymous_2)","line":10,"loc":{"start":{"line":10,"column":18},"end":{"line":10,"column":29}}}},"statementMap":{"1":{"start":{"line":1,"column":0},"end":{"line":1,"column":23}},"2":{"start":{"line":2,"column":0},"end":{"line":2,"column":29}},"3":{"start":{"line":4,"column":0},"end":{"line":4,"column":49}},"4":{"start":{"line":6,"column":0},"end":{"line":6,"column":22}},"5":{"start":{"line":8,"column":0},"end":{"line":43,"column":2}},"6":{"start":{"line":10,"column":4},"end":{"line":23,"column":6}},"7":{"start":{"line":11,"column":8},"end":{"line":11,"column":129}},"8":{"start":{"line":12,"column":8},"end":{"line":14,"column":9}},"9":{"start":{"line":13,"column":12},"end":{"line":13,"column":91}},"10":{"start":{"line":16,"column":8},"end":{"line":18,"column":9}},"11":{"start":{"line":17,"column":12},"end":{"line":17,"column":90}},"12":{"start":{"line":20,"column":8},"end":{"line":22,"column":9}},"13":{"start":{"line":21,"column":10},"end":{"line":21,"column":15}},"14":{"start":{"line":25,"column":4},"end":{"line":25,"column":22}},"15":{"start":{"line":26,"column":4},"end":{"line":36,"column":5}},"16":{"start":{"line":27,"column":8},"end":{"line":27,"column":29}},"17":{"start":{"line":28,"column":8},"end":{"line":32,"column":10}},"18":{"start":{"line":33,"column":8},"end":{"line":33,"column":53}},"19":{"start":{"line":35,"column":8},"end":{"line":35,"column":21}},"20":{"start":{"line":38,"column":4},"end":{"line":40,"column":5}},"21":{"start":{"line":39,"column":8},"end":{"line":39,"column":55}},"22":{"start":{"line":41,"column":4},"end":{"line":41,"column":64}}},"branchMap":{"1":{"line":12,"type":"if","locations":[{"start":{"line":12,"column":8},"end":{"line":12,"column":8}},{"start":{"line":12,"column":8},"end":{"line":12,"column":8}}]},"2":{"line":16,"type":"if","locations":[{"start":{"line":16,"column":8},"end":{"line":16,"column":8}},{"start":{"line":16,"column":8},"end":{"line":16,"column":8}}]},"3":{"line":20,"type":"if","locations":[{"start":{"line":20,"column":8},"end":{"line":20,"column":8}},{"start":{"line":20,"column":8},"end":{"line":20,"column":8}}]},"4":{"line":26,"type":"if","locations":[{"start":{"line":26,"column":4},"end":{"line":26,"column":4}},{"start":{"line":26,"column":4},"end":{"line":26,"column":4}}]},"5":{"line":26,"type":"binary-expr","locations":[{"start":{"line":26,"column":8},"end":{"line":26,"column":23}},{"start":{"line":26,"column":27},"end":{"line":26,"column":42}}]},"6":{"line":38,"type":"if","locations":[{"start":{"line":38,"column":4},"end":{"line":38,"column":4}},{"start":{"line":38,"column":4},"end":{"line":38,"column":4}}]}},"code":["var fs = require('fs');","var https = require('https');","","var version = require('../package.json').version;","","exports.isSSL = false;","","exports.startServer = function (argv, app, cb) {","","    var startCb = function() {","        console.log(('   Drakov ' + version + '     ').bold.inverse, 'Listening on port ' + argv.serverPort.toString().bold.red);","        if (argv.stealthmode) {","            console.log('   STEALTH MODE     '.grey.bold.inverse, 'running silently'.grey);","        }","","        if (argv.public) {","            console.log('   PUBLIC MODE     '.grey.bold.inverse, 'running publicly'.grey);","        }","","        if (cb) {","          cb();","        }","    };","","    var server = null;","    if (argv.sslKeyFile && argv.sslCrtFile) {","        exports.isSSL = true;","        var sslOptions = {","            key: fs.readFileSync(argv.sslKeyFile, 'utf8' ),","            cert: fs.readFileSync(argv.sslCrtFile, 'utf8' ),","            rejectUnauthorized: false","        };","        server = https.createServer(sslOptions, app);","    } else {","        server = app;","    }","","    if (argv.public) {","        return server.listen(argv.serverPort, startCb);","    }","    return server.listen(argv.serverPort, 'localhost', startCb);","","};",""],"l":{"1":1,"2":1,"4":1,"6":1,"8":1,"10":0,"11":0,"12":0,"13":0,"16":0,"17":0,"20":0,"21":0,"25":0,"26":0,"27":0,"28":0,"33":0,"35":0,"38":0,"39":0,"41":0}},"/home/travis/build/npmtest/node-npmtest-drakov/node_modules/drakov/lib/middleware/index.js":{"path":"/home/travis/build/npmtest/node-npmtest-drakov/node_modules/drakov/lib/middleware/index.js","s":{"1":1,"2":1,"3":1,"4":1,"5":0,"6":0,"7":0,"8":0,"9":0,"10":0,"11":0,"12":1,"13":0,"14":0,"15":0,"16":0},"b":{"1":[0,0],"2":[0,0]},"f":{"1":0,"2":0,"3":0},"fnMap":{"1":{"name":"(anonymous_1)","line":5,"loc":{"start":{"line":5,"column":26},"end":{"line":5,"column":46}}},"2":{"name":"(anonymous_2)","line":17,"loc":{"start":{"line":17,"column":15},"end":{"line":17,"column":39}}},"3":{"name":"(anonymous_3)","line":22,"loc":{"start":{"line":22,"column":27},"end":{"line":22,"column":53}}}},"statementMap":{"1":{"start":{"line":1,"column":0},"end":{"line":1,"column":48}},"2":{"start":{"line":2,"column":0},"end":{"line":2,"column":42}},"3":{"start":{"line":3,"column":0},"end":{"line":3,"column":43}},"4":{"start":{"line":5,"column":0},"end":{"line":15,"column":2}},"5":{"start":{"line":6,"column":4},"end":{"line":8,"column":5}},"6":{"start":{"line":7,"column":8},"end":{"line":7,"column":45}},"7":{"start":{"line":9,"column":4},"end":{"line":11,"column":5}},"8":{"start":{"line":10,"column":8},"end":{"line":10,"column":80}},"9":{"start":{"line":12,"column":4},"end":{"line":12,"column":70}},"10":{"start":{"line":13,"column":4},"end":{"line":13,"column":55}},"11":{"start":{"line":14,"column":4},"end":{"line":14,"column":53}},"12":{"start":{"line":17,"column":0},"end":{"line":25,"column":2}},"13":{"start":{"line":18,"column":4},"end":{"line":18,"column":35}},"14":{"start":{"line":19,"column":4},"end":{"line":21,"column":40}},"15":{"start":{"line":22,"column":4},"end":{"line":24,"column":7}},"16":{"start":{"line":23,"column":8},"end":{"line":23,"column":28}}},"branchMap":{"1":{"line":6,"type":"if","locations":[{"start":{"line":6,"column":4},"end":{"line":6,"column":4}},{"start":{"line":6,"column":4},"end":{"line":6,"column":4}}]},"2":{"line":9,"type":"if","locations":[{"start":{"line":9,"column":4},"end":{"line":9,"column":4}},{"start":{"line":9,"column":4},"end":{"line":9,"column":4}}]}},"code":["var routeHandlers = require('./route-handlers');","var responseUtils = require('./response');","var staticMiddleware = require('./static');","","var bootstrapMiddleware = function(app, argv) {","    if (argv.drakovHeader) {","        app.use(responseUtils.drakovHeaders);","    }","    if (argv.staticPaths) {","        staticMiddleware.setupRoutes(app, argv.staticPaths, argv.pathDelimiter);","    }","    app.use(responseUtils.corsHeaders(argv.disableCORS, argv.header));","    app.use(responseUtils.delayedResponse(argv.delay));","    app.use(responseUtils.allowMethods(argv.method));","};","","exports.init = function(app, argv, cb) {","    bootstrapMiddleware(app, argv);","    var options = {sourceFiles: argv.sourceFiles,","      autoOptions: argv.autoOptions,","      ignoreHeaders: argv.ignoreHeader};","    routeHandlers(options, function(err, middleware) {","        cb(err, middleware);","    });","};",""],"l":{"1":1,"2":1,"3":1,"5":1,"6":0,"7":0,"9":0,"10":0,"12":0,"13":0,"14":0,"17":1,"18":0,"19":0,"22":0,"23":0}},"/home/travis/build/npmtest/node-npmtest-drakov/node_modules/drakov/lib/middleware/route-handlers.js":{"path":"/home/travis/build/npmtest/node-npmtest-drakov/node_modules/drakov/lib/middleware/route-handlers.js","s":{"1":1,"2":1,"3":1,"4":1,"5":1,"6":0,"7":0,"8":0,"9":0,"10":0,"11":0,"12":0,"13":0,"14":0,"15":0,"16":0,"17":0,"18":0,"19":0,"20":0,"21":0,"22":0,"23":0},"b":{"1":[0,0],"2":[0,0],"3":[0,0],"4":[0,0]},"f":{"1":0,"2":0,"3":0,"4":0},"fnMap":{"1":{"name":"(anonymous_1)","line":6,"loc":{"start":{"line":6,"column":17},"end":{"line":6,"column":39}}},"2":{"name":"(anonymous_2)","line":7,"loc":{"start":{"line":7,"column":27},"end":{"line":7,"column":51}}},"3":{"name":"(anonymous_3)","line":12,"loc":{"start":{"line":12,"column":25},"end":{"line":12,"column":50}}},"4":{"name":"(anonymous_4)","line":15,"loc":{"start":{"line":15,"column":42},"end":{"line":15,"column":63}}}},"statementMap":{"1":{"start":{"line":1,"column":0},"end":{"line":1,"column":45}},"2":{"start":{"line":2,"column":0},"end":{"line":2,"column":43}},"3":{"start":{"line":3,"column":0},"end":{"line":3,"column":42}},"4":{"start":{"line":4,"column":0},"end":{"line":4,"column":34}},"5":{"start":{"line":6,"column":0},"end":{"line":39,"column":2}},"6":{"start":{"line":7,"column":4},"end":{"line":37,"column":7}},"7":{"start":{"line":8,"column":8},"end":{"line":10,"column":9}},"8":{"start":{"line":9,"column":12},"end":{"line":9,"column":27}},"9":{"start":{"line":12,"column":8},"end":{"line":35,"column":10}},"10":{"start":{"line":13,"column":12},"end":{"line":13,"column":31}},"11":{"start":{"line":15,"column":12},"end":{"line":28,"column":15}},"12":{"start":{"line":16,"column":16},"end":{"line":18,"column":17}},"13":{"start":{"line":17,"column":20},"end":{"line":17,"column":27}},"14":{"start":{"line":19,"column":16},"end":{"line":19,"column":53}},"15":{"start":{"line":22,"column":16},"end":{"line":22,"column":49}},"16":{"start":{"line":23,"column":16},"end":{"line":23,"column":110}},"17":{"start":{"line":24,"column":16},"end":{"line":27,"column":17}},"18":{"start":{"line":25,"column":20},"end":{"line":25,"column":90}},"19":{"start":{"line":26,"column":20},"end":{"line":26,"column":90}},"20":{"start":{"line":30,"column":12},"end":{"line":32,"column":13}},"21":{"start":{"line":31,"column":16},"end":{"line":31,"column":42}},"22":{"start":{"line":34,"column":12},"end":{"line":34,"column":19}},"23":{"start":{"line":36,"column":8},"end":{"line":36,"column":29}}},"branchMap":{"1":{"line":8,"type":"if","locations":[{"start":{"line":8,"column":8},"end":{"line":8,"column":8}},{"start":{"line":8,"column":8},"end":{"line":8,"column":8}}]},"2":{"line":16,"type":"if","locations":[{"start":{"line":16,"column":16},"end":{"line":16,"column":16}},{"start":{"line":16,"column":16},"end":{"line":16,"column":16}}]},"3":{"line":24,"type":"if","locations":[{"start":{"line":24,"column":16},"end":{"line":24,"column":16}},{"start":{"line":24,"column":16},"end":{"line":24,"column":16}}]},"4":{"line":30,"type":"if","locations":[{"start":{"line":30,"column":12},"end":{"line":30,"column":12}},{"start":{"line":30,"column":12},"end":{"line":30,"column":12}}]}},"code":["var pathToRegexp = require('path-to-regexp');","var buildRouteMap = require('./route-map');","var filter = require('../handler-filter');","var logger = require('../logger');","","module.exports = function(options, cb) {","    buildRouteMap(options, function(err, routeMap) {","        if (err) {","            return cb(err);","        }","","        var middleware = function(req, res, next) {","            var handler = null;","","            Object.keys(routeMap).forEach(function(urlPattern) {","                if (handler) {","                    return; // continue if we've already got handlers","                }","                var regex = pathToRegexp(urlPattern);","","                // req.path allows us to delegate query string handling to the route handler functions","                var match = regex.exec(req.path);","                logger.log('[MATCHING]'.yellow, 'by url pattern:', urlPattern.yellow, logger.stringfy(match));","                if (match) {","                    var handlers = routeMap[urlPattern].methods[req.method.toUpperCase()];","                    handler = filter.filterHandlers(req, handlers, options.ignoreHeaders);","                }","            });","","            if (handler) {","                handler.execute(req, res);","            }","","            next();","        };","        cb(null, middleware);","    });","","};",""],"l":{"1":1,"2":1,"3":1,"4":1,"6":1,"7":0,"8":0,"9":0,"12":0,"13":0,"15":0,"16":0,"17":0,"19":0,"22":0,"23":0,"24":0,"25":0,"26":0,"30":0,"31":0,"34":0,"36":0}},"/home/travis/build/npmtest/node-npmtest-drakov/node_modules/drakov/lib/middleware/route-map.js":{"path":"/home/travis/build/npmtest/node-npmtest-drakov/node_modules/drakov/lib/middleware/route-map.js","s":{"1":1,"2":1,"3":1,"4":1,"5":1,"6":0,"7":0,"8":0,"9":0,"10":0,"11":0,"12":0,"13":0,"14":0,"15":0,"16":0,"17":0},"b":{"1":[0,0]},"f":{"1":0,"2":0,"3":0,"4":0},"fnMap":{"1":{"name":"(anonymous_1)","line":6,"loc":{"start":{"line":6,"column":17},"end":{"line":6,"column":39}}},"2":{"name":"(anonymous_2)","line":11,"loc":{"start":{"line":11,"column":27},"end":{"line":11,"column":49}}},"3":{"name":"(anonymous_3)","line":19,"loc":{"start":{"line":19,"column":22},"end":{"line":19,"column":41}}},"4":{"name":"(anonymous_4)","line":23,"loc":{"start":{"line":23,"column":37},"end":{"line":23,"column":51}}}},"statementMap":{"1":{"start":{"line":1,"column":0},"end":{"line":1,"column":27}},"2":{"start":{"line":2,"column":0},"end":{"line":2,"column":29}},"3":{"start":{"line":3,"column":0},"end":{"line":3,"column":51}},"4":{"start":{"line":4,"column":0},"end":{"line":4,"column":50}},"5":{"start":{"line":6,"column":0},"end":{"line":27,"column":2}},"6":{"start":{"line":7,"column":4},"end":{"line":7,"column":42}},"7":{"start":{"line":8,"column":4},"end":{"line":8,"column":42}},"8":{"start":{"line":9,"column":4},"end":{"line":9,"column":22}},"9":{"start":{"line":11,"column":4},"end":{"line":26,"column":7}},"10":{"start":{"line":12,"column":8},"end":{"line":15,"column":9}},"11":{"start":{"line":13,"column":12},"end":{"line":13,"column":66}},"12":{"start":{"line":14,"column":12},"end":{"line":14,"column":27}},"13":{"start":{"line":17,"column":8},"end":{"line":17,"column":32}},"14":{"start":{"line":19,"column":8},"end":{"line":21,"column":11}},"15":{"start":{"line":20,"column":12},"end":{"line":20,"column":81}},"16":{"start":{"line":23,"column":8},"end":{"line":25,"column":11}},"17":{"start":{"line":24,"column":12},"end":{"line":24,"column":51}}},"branchMap":{"1":{"line":12,"type":"if","locations":[{"start":{"line":12,"column":8},"end":{"line":12,"column":8}},{"start":{"line":12,"column":8},"end":{"line":12,"column":8}}]}},"code":["var glob = require('glob');","var async = require('async');","var parseBlueprint = require('../parse/blueprint');","var endpointSorter = require('./endpoint-sorter');","","module.exports = function(options, cb) {","    var sourceFiles = options.sourceFiles;","    var autoOptions = options.autoOptions;","    var routeMap = {};","","    glob(sourceFiles, {} , function (err, files) {","        if (err) {","            console.error('Failed to parse contracts path.', err);","            return cb(err);","        }","","        var asyncFunctions = [];","","        files.forEach(function(filePath) {","            asyncFunctions.push(parseBlueprint(filePath, autoOptions, routeMap));","        });","","        async.series(asyncFunctions, function(err) {","            cb(err, endpointSorter.sort(routeMap));","        });","    });","};",""],"l":{"1":1,"2":1,"3":1,"4":1,"6":1,"7":0,"8":0,"9":0,"11":0,"12":0,"13":0,"14":0,"17":0,"19":0,"20":0,"23":0,"24":0}},"/home/travis/build/npmtest/node-npmtest-drakov/node_modules/drakov/lib/parse/blueprint.js":{"path":"/home/travis/build/npmtest/node-npmtest-drakov/node_modules/drakov/lib/parse/blueprint.js","s":{"1":1,"2":1,"3":1,"4":1,"5":1,"6":1,"7":1,"8":1,"9":0,"10":0,"11":0,"12":0,"13":0,"14":0,"15":0,"16":0,"17":0,"18":0,"19":0,"20":0,"21":0,"22":1,"23":0,"24":0,"25":0,"26":0,"27":0,"28":0,"29":0,"30":1,"31":0,"32":0,"33":0,"34":1,"35":0,"36":0,"37":0,"38":0,"39":0,"40":0,"41":0,"42":0,"43":0},"b":{"1":[0,0],"2":[0,0],"3":[0,0],"4":[0,0],"5":[0,0],"6":[0,0]},"f":{"1":0,"2":0,"3":0,"4":0,"5":0,"6":0,"7":0,"8":0,"9":0,"10":0,"11":0},"fnMap":{"1":{"name":"(anonymous_1)","line":9,"loc":{"start":{"line":9,"column":17},"end":{"line":9,"column":59}}},"2":{"name":"(anonymous_2)","line":10,"loc":{"start":{"line":10,"column":11},"end":{"line":10,"column":24}}},"3":{"name":"(anonymous_3)","line":13,"loc":{"start":{"line":13,"column":37},"end":{"line":13,"column":59}}},"4":{"name":"(anonymous_4)","line":20,"loc":{"start":{"line":20,"column":46},"end":{"line":20,"column":69}}},"5":{"name":"setupResourceAndUrl","line":31,"loc":{"start":{"line":31,"column":12},"end":{"line":31,"column":51}}},"6":{"name":"(anonymous_6)","line":36,"loc":{"start":{"line":36,"column":41},"end":{"line":36,"column":57}}},"7":{"name":"saveRouteToTheList","line":47,"loc":{"start":{"line":47,"column":12},"end":{"line":47,"column":59}}},"8":{"name":"addOptionsRoutesWhereMissing","line":55,"loc":{"start":{"line":55,"column":12},"end":{"line":55,"column":61}}},"9":{"name":"(anonymous_9)","line":58,"loc":{"start":{"line":58,"column":35},"end":{"line":58,"column":61}}},"10":{"name":"(anonymous_10)","line":59,"loc":{"start":{"line":59,"column":60},"end":{"line":59,"column":102}}},"11":{"name":"(anonymous_11)","line":67,"loc":{"start":{"line":67,"column":48},"end":{"line":67,"column":71}}}},"statementMap":{"1":{"start":{"line":1,"column":0},"end":{"line":1,"column":23}},"2":{"start":{"line":2,"column":0},"end":{"line":2,"column":33}},"3":{"start":{"line":3,"column":0},"end":{"line":3,"column":26}},"4":{"start":{"line":4,"column":0},"end":{"line":4,"column":33}},"5":{"start":{"line":5,"column":0},"end":{"line":5,"column":46}},"6":{"start":{"line":6,"column":0},"end":{"line":6,"column":38}},"7":{"start":{"line":7,"column":0},"end":{"line":7,"column":68}},"8":{"start":{"line":9,"column":0},"end":{"line":75,"column":2}},"9":{"start":{"line":10,"column":4},"end":{"line":74,"column":6}},"10":{"start":{"line":11,"column":8},"end":{"line":11,"column":65}},"11":{"start":{"line":12,"column":8},"end":{"line":12,"column":38}},"12":{"start":{"line":13,"column":8},"end":{"line":73,"column":11}},"13":{"start":{"line":14,"column":12},"end":{"line":17,"column":13}},"14":{"start":{"line":15,"column":16},"end":{"line":15,"column":33}},"15":{"start":{"line":16,"column":16},"end":{"line":16,"column":31}},"16":{"start":{"line":19,"column":12},"end":{"line":19,"column":35}},"17":{"start":{"line":20,"column":12},"end":{"line":22,"column":15}},"18":{"start":{"line":21,"column":16},"end":{"line":21,"column":69}},"19":{"start":{"line":25,"column":12},"end":{"line":27,"column":13}},"20":{"start":{"line":26,"column":16},"end":{"line":26,"column":60}},"21":{"start":{"line":29,"column":12},"end":
[...]
,"end":{"line":9,"column":12}},{"start":{"line":9,"column":12},"end":{"line":9,"column":12}}]},"2":{"line":32,"type":"if","locations":[{"start":{"line":32,"column":8},"end":{"line":32,"column":8}},{"start":{"line":32,"column":8},"end":{"line":32,"column":8}}]},"3":{"line":33,"type":"if","locations":[{"start":{"line":33,"column":12},"end":{"line":33,"column":12}},{"start":{"line":33,"column":12},"end":{"line":33,"column":12}}]}},"code":["var logger = require('./logger');","var contentTypeChecker = require('./content-type');","","exports.notFoundHandler = function(argv) {","","    function debug(req){","","        function getBody(req) {","            if (contentTypeChecker.isJson(req.get('Content-Type'))){","                try {","                    return JSON.parse(req.body);","                } catch (e) {","                    return req.body;","                }","            }","            return req.body;","        }","","        var debugObj = {","            originalUrl: req.originalUrl,","            body: getBody(req),","            method: req.method,","            headers: req.headers,","            query: req.query","        };","","        return debugObj;","","    }","","    return function (req, res) {","        if (!res.headersSent){","            if (argv.debugMode) {","                var debugRequest = debug(req);","                logger.log('[DEBUG]'.yellow, 'mismatching request:', JSON.stringify(debugRequest));","                res.status(404).json(debugRequest);","                return;","            }","            res.status(404).send('Endpoint not found');","        }","    };","","};",""],"l":{"1":1,"2":1,"4":1,"6":1,"8":1,"9":0,"10":0,"11":0,"13":0,"16":0,"19":0,"27":0,"31":0,"32":0,"33":0,"34":0,"35":0,"36":0,"37":0,"39":0}},"/home/travis/build/npmtest/node-npmtest-drakov/node_modules/drakov/Gruntfile.js":{"path":"/home/travis/build/npmtest/node-npmtest-drakov/node_modules/drakov/Gruntfile.js","s":{"1":1,"2":0,"3":0,"4":0,"5":0,"6":0,"7":0,"8":0},"b":{},"f":{"1":0},"fnMap":{"1":{"name":"(anonymous_1)","line":1,"loc":{"start":{"line":1,"column":17},"end":{"line":1,"column":34}}}},"statementMap":{"1":{"start":{"line":1,"column":0},"end":{"line":47,"column":2}},"2":{"start":{"line":3,"column":4},"end":{"line":37,"column":7}},"3":{"start":{"line":40,"column":4},"end":{"line":40,"column":45}},"4":{"start":{"line":41,"column":4},"end":{"line":41,"column":47}},"5":{"start":{"line":42,"column":4},"end":{"line":42,"column":52}},"6":{"start":{"line":44,"column":4},"end":{"line":44,"column":63}},"7":{"start":{"line":45,"column":4},"end":{"line":45,"column":100}},"8":{"start":{"line":46,"column":4},"end":{"line":46,"column":59}}},"branchMap":{},"code":["module.exports = function (grunt) {","","    grunt.initConfig({","","        jshint: {","            options: {","                jshintrc: true,","                ignores: [","                    'describe',","                    'it'","                ]","            },","            files: [","                'lib/**/*.js',","                'test/**/*.js',","                'index.js'","            ]","        },","","        simplemocha: {","            options: {","                globals: ['should'],","                timeout: 3000,","                ignoreLeaks: false,","                ui: 'bdd',","                reporter: 'tap'","            },","            api: {src: 'test/api/*-test.js'},","            unit: {src: 'test/unit/*-test.js'}","        },","        'blueprint-validator': {","            'contract-test':{","                mdFiles: 'test/example/**/*.md',","                failOnWarnings: true","            }","        }","    });","","    // For this to work, you need to have run `npm install grunt-simple-mocha`","    grunt.loadNpmTasks('grunt-simple-mocha');","    grunt.loadNpmTasks('grunt-contrib-jshint');","    grunt.loadNpmTasks('grunt-blueprint-validator');","","    grunt.task.registerTask('unit-test', ['simplemocha:unit']);","    grunt.task.registerTask('test', ['blueprint-validator', 'simplemocha:api', 'simplemocha:unit']);","    grunt.task.registerTask('default', ['jshint', 'test']);","};",""],"l":{"1":1,"3":0,"40":0,"41":0,"42":0,"44":0,"45":0,"46":0}},"/home/travis/build/npmtest/node-npmtest-drakov/node_modules/drakov/lib/watcher.js":{"path":"/home/travis/build/npmtest/node-npmtest-drakov/node_modules/drakov/lib/watcher.js","s":{"1":1,"2":1,"3":1,"4":1,"5":1,"6":1,"7":0,"8":0,"9":0,"10":0,"11":1,"12":0,"13":0,"14":0,"15":0,"16":0,"17":0,"18":0},"b":{"1":[0,0]},"f":{"1":0,"2":0,"3":0},"fnMap":{"1":{"name":"(anonymous_1)","line":11,"loc":{"start":{"line":11,"column":20},"end":{"line":11,"column":39}}},"2":{"name":"(anonymous_2)","line":14,"loc":{"start":{"line":14,"column":16},"end":{"line":14,"column":26}}},"3":{"name":"(anonymous_3)","line":19,"loc":{"start":{"line":19,"column":17},"end":{"line":19,"column":32}}}},"statementMap":{"1":{"start":{"line":1,"column":0},"end":{"line":1,"column":35}},"2":{"start":{"line":2,"column":0},"end":{"line":2,"column":18}},"3":{"start":{"line":4,"column":0},"end":{"line":4,"column":33}},"4":{"start":{"line":7,"column":0},"end":{"line":7,"column":21}},"5":{"start":{"line":9,"column":0},"end":{"line":9,"column":22}},"6":{"start":{"line":11,"column":0},"end":{"line":17,"column":2}},"7":{"start":{"line":12,"column":4},"end":{"line":12,"column":20}},"8":{"start":{"line":13,"column":4},"end":{"line":13,"column":88}},"9":{"start":{"line":14,"column":4},"end":{"line":16,"column":7}},"10":{"start":{"line":15,"column":8},"end":{"line":15,"column":32}},"11":{"start":{"line":19,"column":0},"end":{"line":31,"column":2}},"12":{"start":{"line":20,"column":4},"end":{"line":22,"column":5}},"13":{"start":{"line":21,"column":8},"end":{"line":21,"column":15}},"14":{"start":{"line":24,"column":4},"end":{"line":24,"column":72}},"15":{"start":{"line":26,"column":4},"end":{"line":26,"column":23}},"16":{"start":{"line":27,"column":4},"end":{"line":27,"column":39}},"17":{"start":{"line":29,"column":4},"end":{"line":29,"column":46}},"18":{"start":{"line":30,"column":4},"end":{"line":30,"column":40}}},"branchMap":{"1":{"line":20,"type":"if","locations":[{"start":{"line":20,"column":4},"end":{"line":20,"column":4}},{"start":{"line":20,"column":4},"end":{"line":20,"column":4}}]}},"code":["var chokidar = require('chokidar');","require('colors');","","var drakov = require('./drakov');","","// Save these for replay later","var CACHED_ARGV = [];","","var RESTART_COUNT = 0;","","var changeHandler = function(filePath) {","    ++RESTART_COUNT;","    console.log('[CHANGE]'.white, filePath.green, ('Restarting ' + RESTART_COUNT).blue);","    drakov.stop(function(){","        drakov.run(CACHED_ARGV);","    });","};","","module.exports = function(argv) {","    if (!argv.watch) {","        return;","    }","","    console.log(' FILE SPY '.grey.inverse + '  ACTIVE  '.green.inverse);","","    CACHED_ARGV = argv;","    var sourceFiles = argv.sourceFiles;","","    var watcher = chokidar.watch(sourceFiles);","    watcher.on('change', changeHandler);","};",""],"l":{"1":1,"2":1,"4":1,"7":1,"9":1,"11":1,"12":0,"13":0,"14":0,"15":0,"19":1,"20":0,"21":0,"24":0,"26":0,"27":0,"29":0,"30":0}},"/home/travis/build/npmtest/node-npmtest-drakov/node_modules/drakov/lib/arguments/arguments.js":{"path":"/home/travis/build/npmtest/node-npmtest-drakov/node_modules/drakov/lib/arguments/arguments.js","s":{"1":1},"b":{},"f":{},"fnMap":{},"statementMap":{"1":{"start":{"line":1,"column":0},"end":{"line":65,"column":2}}},"branchMap":{},"code":["module.exports = {","    sourceFiles: {","        alias: 'f',","        description: 'Glob expression to select spec files.'","    },","    serverPort: {","        alias: 'p',","        description: 'Specifies the port to be listened by Drakov server',","        default: 3000","    },","    staticPaths: {","        alias: 's',","        description: 'A list of comma delimited paths to use for static file proxying'","    },","    pathDelimiter: {","        alias: 'd',","        description: 'Delimiter for mount point in static path (defaults is \"=\")'","    },","    stealthmode: {","        description: 'Run silent (no console output)'","    },","    disableCORS: {","        description: 'Disable CORS header'","    },","    sslKeyFile: {","        description: 'Key File for SSL connections'","    },","    sslCrtFile: {","        description: 'Certificate File for SSL connections'","    },","    delay: {","        description: 'Add a delay to the response (in milliseconds)'","    },","    method: {","        description: 'Add method to Access-Control-Allow-Methods response header'","    },","    header: {","        description: 'Add header to Access-Control-Allow-Headers response header'","    },","    public: {","        description: 'Allow external requests',","        default: false","    },","    autoOptions: {","        description: 'Automatically respond to OPTIONS requests for routes in spec files'","    },","    config: {","        description: 'Load configuration from a Javascript file, must export an object'","    },","    discover: {","        description: 'List all available endpoints under `/drakov`. If value of argument is a module name, it will be required and called to create a middleware function',","        alias: 'D',","        default: false","    },","    watch: {","        description: 'Reload Drakov when change detected in list of source files'","    },","    debugMode: {","        description: 'Enables DEBUG mode. Mismatch requests will be dumped'","    },","    ignoreHeader: {","        description: 'Ignore the HTTP header in API blueprints'","    }","","};",""],"l":{"1":1}},"/home/travis/build/npmtest/node-npmtest-drakov/node_modules/drakov/lib/arguments/index.js":{"path":"/home/travis/build/npmtest/node-npmtest-drakov/node_modules/drakov/lib/arguments/index.js","s":{"1":1,"2":1,"3":1,"4":1,"5":1,"6":1,"7":0,"8":0,"9":0,"10":0,"11":1,"12":0,"13":0,"14":0,"15":0,"16":0,"17":0,"18":0,"19":0,"20":0,"21":1,"22":0,"23":0,"24":0,"25":0,"26":0,"27":0,"28":0,"29":0,"30":0,"31":0,"32":1,"33":0,"34":0,"35":0,"36":0,"37":0,"38":1,"39":0,"40":0,"41":0,"42":1,"43":0,"44":0,"45":0,"46":0},"b":{"1":[0,0],"2":[0,0],"3":[0,0],"4":[0,0],"5":[0,0]},"f":{"1":0,"2":0,"3":0,"4":0,"5":0,"6":0,"7":0},"fnMap":{"1":{"name":"addDefaultValue","line":9,"loc":{"start":{"line":9,"column":0},"end":{"line":9,"column":31}}},"2":{"name":"(anonymous_2)","line":10,"loc":{"start":{"line":10,"column":11},"end":{"line":10,"column":28}}},"3":{"name":"loadConfiguration","line":18,"loc":{"start":{"line":18,"column":0},"end":{"line":18,"column":29}}},"4":{"name":"loadConfigFromModule","line":34,"loc":{"start":{"line":34,"column":0},"end":{"line":34,"column":45}}},"5":{"name":"getPathsFromCwd","line":49,"loc":{"start":{"line":49,"column":0},"end":{"line":49,"column":27}}},"6":{"name":"loadCommandlineArguments","line":58,"loc":{"start":{"line":58,"column":0},"end":{"line":58,"column":36}}},"7":{"name":"(anonymous_7)","line":70,"loc":{"start":{"line":70,"column":18},"end":{"line":70,"column":29}}}},"statementMap":{"1":{"start":{"line":1,"column":0},"end":{"line":1,"column":27}},"2":{"start":{"line":2,"column":0},"end":{"line":2,"column":28}},"3":{"start":{"line":4,"column":0},"end":{"line":4,"column":34}},"4":{"start":{"line":5,"column":0},"end":{"line":5,"column":48}},"5":{"start":{"line":7,"column":0},"end":{"line":7,"column":26}},"6":{"start":{"line":9,"column":0},"end":{"line":16,"column":1}},"7":{"start":{"line":10,"column":4},"end":{"line":15,"column":6}},"8":{"start":{"line":11,"column":8},"end":{"line":11,"column":62}},"9":{"start":{"line":12,"column":8},"end":{"line":14,"column":9}},"10":{"start":{"line":13,"column":12},"end":{"line":13,"column":40}},"11":{"start":{"line":18,"column":0},"end":{"line":32,"column":1}},"12":{"start":{"line":19,"column":4},"end":{"line":19,"column":47}},"13":{"start":{"line":20,"column":4},"end":{"line":31,"column":5}},"14":{"start":{"line":21,"column":8},"end":{"line":21,"column":53}},"15":{"start":{"line":23,"column":8},"end":{"line":23,"column":38}},"16":{"start":{"line":24,"column":8},"end":{"line":29,"column":9}},"17":{"start":{"line":25,"column":12},"end":{"line":25,"column":65}},"18":{"start":{"line":26,"column":12},"end":{"line":28,"column":13}},"19":{"start":{"line":27,"column":16},"end":{"line":27,"column":30}},"20":{"start":{"line":30,"column":8},"end":{"line":30,"column":60}},"21":{"start":{"line":34,"column":0},"end":{"line":47,"column":1}},"22":{"start":{"line":35,"column":4},"end":{"line":35,"column":50}},"23":{"start":{"line":36,"column":4},"end":{"line":36,"column":19}},"24":{"start":{"line":37,"column":4},"end":{"line":41,"column":5}},"25":{"start":{"line":38,"column":8},"end":{"line":38,"column":41}},"26":{"start":{"line":40,"column":8},"end":{"line":40,"column":15}},"27":{"start":{"line":42,"column":4},"end":{"line":42,"column":59}},"28":{"start":{"line":43,"column":4},"end":{"line":43,"column":76}},"29":{"start":{"line":44,"column":4},"end":{"line":44,"column":62}},"30":{"start":{"line":45,"column":4},"end":{"line":45,"column":69}},"31":{"start":{"line":46,"column":4},"end":{"line":46,"column":22}},"32":{"start":{"line":49,"column":0},"end":{"line":56,"column":1}},"33":{"start":{"line":50,"column":4},"end":{"line":50,"column":50}},"34":{"start":{"line":51,"column":4},"end":{"line":51,"column":19}},"35":{"start":{"line":52,"column":4},"end":{"line":54,"column":5}},"36":{"start":{"line":53,"column":8},"end":{"line":53,"column":70}},"37":{"start":{"line":55,"column":4},"end":{"line":55,"column":17}},"38":{"start":{"line":58,"column":0},"end":{"line":68,"column":1}},"39":{"start":{"line":59,"column":4},"end":{"line":59,"column":64}},"40":{"start":{"line":60,"column":4},"end":{"line":60,"column":66}},"41":{"start":{"line":61,"column":4},"end":{"line":67,"column":14}},"42":{"start":{"line":70,"column":0},"end":{"line":76,"column":2}},"43":{"start":{"line":71,"column":4},"end":{"line":71,"column":44}},"44":{"start":{"line":72,"column":4},"end":{"line":74,"column":5}},"45":{"start":{"line":73,"column":8},"end":{"line":73,"column":29}},"46":{"start":{"line":75,"column":4},"end":{"line":75,"column":38}}},"branchMap":{"1":{"line":12,"type":"if","locations":[{"start":{"line":12,"column":8},"end":{"line":12,"column":8}},{"start":{"line":12,"column":8},"end":{"line":12,"column":8}}]},"2":{"line":12,"type":"binary-expr","locations":[{"start":{"line":12,"column":12},"end":{"line":12,"column":25}},{"start":{"line":12,"column":29},"end":{"line":12,"column":55}}]},"3":{"line":20,"type":"if","locations":[{"start":{"line":20,"column":4},"end":{"line":20,"column":4}},{"start":{"line":20,"column":4},"end":{"line":20,"column":4}}]},"4":{"line":26,"type":"if","locations":[{"start":{"line":26,"column":12},"end":{"line":26,"column":12}},{"start":{"line":26,"column":12},"end":{"line":26,"column":12}}]},"5":{"line":72,"type":"if","locations":[{"start":{"line":72,"column":4},"end":{"line":72,"column":4}},{"start":{"line":72,"column":4},"end":{"line":72,"column":4}}]}},"code":["var path = require('path');","var argv = require('yargs');","","var logger = require('../logger');","var yargsConfigOptions = require('./arguments');","","var RC_FILE = '.drakovrc';","","function addDefaultValue(args) {","    return function(argKey) {","        var defaultValue = yargsConfigOptions[argKey].default;","        if (!args[argKey] && defaultValue !== undefined) {","            args[argKey] = defaultValue;","        }","    };","}","","function loadConfiguration() {","    var args = argv.options({config: {}}).argv;","    if (args.config) {","        return loadConfigFromModule(args.config, '');","    } else {","        var paths = getPathsFromCwd();","        for (var i = 0; i < paths.length; i++) {","            var config = loadConfigFromModule(RC_FILE, paths[i]);","            if (config) {","                return config;","            }","        }","        return loadConfigFromModule(RC_FILE, process.cwd());","    }","}","","function loadConfigFromModule(filePath, cwd) {","    var searchPath = path.resolve(cwd + filePath);","    var loadedArgs;","    try {","        loadedArgs = require(searchPath);","    } catch (e) {","        return;","    }","    logger.log('Loading Configuration:', searchPath.white);","    logger.log('WARNING'.red, 'All command line arguments will be ignored');","    var processDefaultOptionsFn = addDefaultValue(loadedArgs);","    Object.keys(yargsConfigOptions).forEach(processDefaultOptionsFn);","    return loadedArgs;","}","","function getPathsFromCwd() {","    var pathComponents = process.cwd().split('/');","    var paths = [];","    for (var i = pathComponents.length; i > 0; i--) {","        paths.push(pathComponents.slice(0, i).concat(['']).join('/'));","    }","    return paths;","}","","function loadCommandlineArguments() {","    console.log('[INFO]'.white, 'No configuration files found');","    console.log('[INFO]'.white, 'Loading configuration from CLI');","    return argv","        .usage('Usage: \\n  ./drakov -f <path to blueprint> [-p <server port|3000>]' +","        '\\n\\nExample: \\n  ' + './drakov -f ./*.md -p 3000')","        .options(yargsConfigOptions)","        .demand('f')","        .wrap(80)","        .argv;","}","","exports.getArgv = function() {","    var preloadedArgs = loadConfiguration();","    if (preloadedArgs) {","        return preloadedArgs;","    }","    return loadCommandlineArguments();","};",""],"l":{"1":1,"2":1,"4":1,"5":1,"7":1,"9":1,"10":0,"11":0,"12":0,"13":0,"18":1,"19":0,"20":0,"21":0,"23":0,"24":0,"25":0,"26":0,"27":0,"30":0,"34":1,"35":0,"36":0,"37":0,"38":0,"40":0,"42":0,"43":0,"44":0,"45":0,"46":0,"49":1,"50":0,"51":0,"52":0,"53":0,"55":0,"58":1,"59":0,"60":0,"61":0,"70":1,"71":0,"72":0,"73":0,"75":0}},"/home/travis/build/npmtest/node-npmtest-drakov/node_modules/drakov/lib/middleware/discover.js":{"path":"/home/travis/build/npmtest/node-npmtest-drakov/node_modules/drakov/lib/middleware/discover.js","s":{"1":1,"2":1,"3":0,"4":0,"5":0,"6":0,"7":0,"8":0,"9":0},"b":{"1":[0,0],"2":[0,0]},"f":{"1":0,"2":0,"3":0},"fnMap":{"1":{"name":"(anonymous_1)","line":3,"loc":{"start":{"line":3,"column":17},"end":{"line":3,"column":39}}},"2":{"name":"(anonymous_2)","line":4,"loc":{"start":{"line":4,"column":11},"end":{"line":4,"column":36}}},"3":{"name":"(anonymous_3)","line":8,"loc":{"start":{"line":8,"column":35},"end":{"line":8,"column":59}}}},"statementMap":{"1":{"start":{"line":1,"column":0},"end":{"line":1,"column":43}},"2":{"start":{"line":3,"column":0},"end":{"line":18,"column":2}},"3":{"start":{"line":4,"column":4},"end":{"line":17,"column":6}},"4":{"start":{"line":5,"column":8},"end":{"line":7,"column":9}},"5":{"start":{"line":6,"column":12},"end":{"line":6,"column":26}},"6":{"start":{"line":8,"column":8},"end":{"line":16,"column":11}},"7":{"start":{"line":9,"column":12},"end":{"line":15,"column":13}},"8":{"start":{"line":10,"column":16},"end":{"line":10,"column":33}},"9":{"start":{"line":12,"column":16},"end":{"line":14,"column":19}}},"branchMap":{"1":{"line":5,"type":"if","locations":[{"start":{"line":5,"column":8},"end":{"line":5,"column":8}},{"start":{"line":5,"column":8},"end":{"line":5,"column":8}}]},"2":{"line":9,"type":"if","locations":[{"start":{"line":9,"column":12},"end":{"line":9,"column":12}},{"start":{"line":9,"column":12},"end":{"line":9,"column":12}}]}},"code":["var buildRouteMap = require('./route-map');","","module.exports = function(sourceFiles) {","    return function(req, res, next) {","        if (res.headersSent) {","            return next();","        }","        buildRouteMap(sourceFiles, function(err, routeMap) {","            if (err) {","                return next(err);","            } else {","                res.render('discover', {","                    routes: Object.keys(routeMap)","                });","            }","        });","    };","};",""],"l":{"1":1,"3":1,"4":0,"5":0,"6":0,"8":0,"9":0,"10":0,"12":0}}}